#
# There is insufficient memory for the Java Runtime Environment to continue.
# Native memory allocation (malloc) failed to allocate 32744 bytes for ChunkPool::allocate
# Possible reasons:
#   The system is out of physical RAM or swap space
#   The process is running with CompressedOops enabled, and the Java Heap may be blocking the growth of the native heap
# Possible solutions:
#   Reduce memory load on the system
#   Increase physical memory or swap space
#   Check if swap backing store is full
#   Decrease Java heap size (-Xmx/-Xms)
#   Decrease number of Java threads
#   Decrease Java thread stack sizes (-Xss)
#   Set larger code cache with -XX:ReservedCodeCacheSize=
#   JVM is running with Unscaled Compressed Oops mode in which the Java heap is
#     placed in the first 4GB address space. The Java Heap base address is the
#     maximum limit for the native heap growth. Please use -XX:HeapBaseMinAddress
#     to set the Java Heap base and to place the Java Heap above 4GB virtual address.
# This output file may be truncated or incomplete.
#
#  Out of Memory Error (arena.cpp:81), pid=20296, tid=8652
#
# JRE version: OpenJDK Runtime Environment Microsoft-13096984 (11.0.30+7) (build 11.0.30+7-LTS)
# Java VM: OpenJDK 64-Bit Server VM Microsoft-13096984 (11.0.30+7-LTS, mixed mode, sharing, tiered, compressed oops, g1 gc, windows-amd64)
# No core dump will be written. Minidumps are not enabled by default on client versions of Windows
#

---------------  S U M M A R Y ------------

Command Line: -Dorg.gradle.internal.worker.tmpdir=C:\Users\Lime\IdeaProjects\BuyWidgetLime\build\tmp\test\work -Dorg.gradle.native=false -Xmx512m -Dfile.encoding=windows-1251 -Duser.country -Duser.language=en -Duser.variant -ea worker.org.gradle.process.internal.worker.GradleWorkerMain 'Gradle Test Executor 57'

Host: Intel(R) Core(TM) i7-7700 CPU @ 3.60GHz, 8 cores, 15G,  Windows 10 , 64 bit Build 19041 (10.0.19041.5915)
Time: Mon Apr 13 15:20:45 2026 RTZ 4 (s 10 , 64 bit Build 19041 (10.0.19041.5915) elapsed time: 11.342291 seconds (0d 0h 0m 11s)

---------------  T H R E A D  ---------------

Current thread (0x000002272db2e800):  JavaThread "C1 CompilerThread0" daemon [_thread_in_native, id=8652, stack(0x0000006edd000000,0x0000006edd100000)]


Current CompileTask:
C1:  11342 2472       3       java.lang.invoke.MethodType::dropParameterTypes (162 bytes)

Stack: [0x0000006edd000000,0x0000006edd100000]
Native frames: (J=compiled Java code, j=interpreted, Vv=VM code, C=native code)
V  [jvm.dll+0x65984a]
V  [jvm.dll+0x7eb8e8]
V  [jvm.dll+0x7ecfd9]
V  [jvm.dll+0x7ed6e3]
V  [jvm.dll+0x26d045]
V  [jvm.dll+0xc47fd]
V  [jvm.dll+0xc4b9c]
V  [jvm.dll+0x188307]
V  [jvm.dll+0x18b359]
V  [jvm.dll+0x18b9e3]
V  [jvm.dll+0x183295]
V  [jvm.dll+0x18279f]
V  [jvm.dll+0x18c58b]
V  [jvm.dll+0x1838eb]
V  [jvm.dll+0x18709f]
V  [jvm.dll+0x13f577]
V  [jvm.dll+0x13edcf]
V  [jvm.dll+0x13f00d]
V  [jvm.dll+0x13e32c]
V  [jvm.dll+0x140208]
V  [jvm.dll+0x234166]
V  [jvm.dll+0x232508]
V  [jvm.dll+0x7ad094]
V  [jvm.dll+0x7a5c24]
V  [jvm.dll+0x658615]
C  [ucrtbase.dll+0x21bb2]
C  [KERNEL32.DLL+0x17374]
C  [ntdll.dll+0x4cc91]


---------------  P R O C E S S  ---------------

Threads class SMR info:
_java_thread_list=0x000002273053d220, length=24, elements={
0x00000227122ca800, 0x000002272db08000, 0x000002272db09000, 0x000002272db24800,
0x000002272db26000, 0x000002272db27000, 0x000002272db2b000, 0x000002272db2e800,
0x000002272db39800, 0x000002272e49a000, 0x000002272ed7f800, 0x000002272ee1d000,
0x000002272ed80800, 0x000002273034d000, 0x00000227305d4800, 0x000002272f971800,
0x00000227307cf800, 0x000002272f920800, 0x000002272f5ae000, 0x0000022730350800,
0x0000022730351800, 0x0000022730350000, 0x000002273034e000, 0x000002273034f000
}

Java Threads: ( => current thread )
  0x00000227122ca800 JavaThread "Test worker" [_thread_blocked, id=21304, stack(0x0000006edc300000,0x0000006edc400000)]
  0x000002272db08000 JavaThread "Reference Handler" daemon [_thread_blocked, id=26928, stack(0x0000006edca00000,0x0000006edcb00000)]
  0x000002272db09000 JavaThread "Finalizer" daemon [_thread_blocked, id=22692, stack(0x0000006edcb00000,0x0000006edcc00000)]
  0x000002272db24800 JavaThread "Signal Dispatcher" daemon [_thread_blocked, id=10504, stack(0x0000006edcc00000,0x0000006edcd00000)]
  0x000002272db26000 JavaThread "Attach Listener" daemon [_thread_blocked, id=4992, stack(0x0000006edcd00000,0x0000006edce00000)]
  0x000002272db27000 JavaThread "Service Thread" daemon [_thread_blocked, id=27524, stack(0x0000006edce00000,0x0000006edcf00000)]
  0x000002272db2b000 JavaThread "C2 CompilerThread0" daemon [_thread_in_native, id=27200, stack(0x0000006edcf00000,0x0000006edd000000)]
=>0x000002272db2e800 JavaThread "C1 CompilerThread0" daemon [_thread_in_native, id=8652, stack(0x0000006edd000000,0x0000006edd100000)]
  0x000002272db39800 JavaThread "Sweeper thread" daemon [_thread_blocked, id=26508, stack(0x0000006edd100000,0x0000006edd200000)]
  0x000002272e49a000 JavaThread "Common-Cleaner" daemon [_thread_blocked, id=5424, stack(0x0000006edd300000,0x0000006edd400000)]
  0x000002272ed7f800 JavaThread "/127.0.0.1:65223 to /127.0.0.1:65222 workers" [_thread_blocked, id=26900, stack(0x0000006edd600000,0x0000006edd700000)]
  0x000002272ee1d000 JavaThread "/127.0.0.1:65223 to /127.0.0.1:65222 workers Thread 2" [_thread_blocked, id=20852, stack(0x0000006edd400000,0x0000006edd500000)]
  0x000002272ed80800 JavaThread "/127.0.0.1:65223 to /127.0.0.1:65222 workers Thread 3" [_thread_in_native, id=11224, stack(0x0000006edd700000,0x0000006edd800000)]
  0x000002273034d000 JavaThread "ForkJoinPool.commonPool-worker-3" daemon [_thread_blocked, id=5388, stack(0x0000006ede200000,0x0000006ede300000)]
  0x00000227305d4800 JavaThread "AsyncHttpClient-1-1" daemon [_thread_blocked, id=26864, stack(0x0000006ede300000,0x0000006ede400000)]
  0x000002272f971800 JavaThread "Exec Default Executor" daemon [_thread_in_native, id=22036, stack(0x0000006ede400000,0x0000006ede500000)]
  0x00000227307cf800 JavaThread "Exec Stream Pumper" daemon [_thread_in_native, id=23720, stack(0x0000006ede500000,0x0000006ede600000)]
  0x000002272f920800 JavaThread "Exec Stream Pumper" daemon [_thread_in_native, id=10032, stack(0x0000006ede600000,0x0000006ede700000)]
  0x000002272f5ae000 JavaThread "Driver Service Executor" daemon [_thread_blocked, id=10324, stack(0x0000006ede700000,0x0000006ede800000)]
  0x0000022730350800 JavaThread "Driver Service Executor" daemon [_thread_blocked, id=27924, stack(0x0000006ede800000,0x0000006ede900000)]
  0x0000022730351800 JavaThread "UrlChecker-2" daemon [_thread_blocked, id=25528, stack(0x0000006ede900000,0x0000006edea00000)]
  0x0000022730350000 JavaThread "AsyncHttpClient-1-2" daemon [_thread_in_native, id=7260, stack(0x0000006edd800000,0x0000006edd900000)]
  0x000002273034e000 JavaThread "AsyncHttpClient-1-3" daemon [_thread_in_native, id=25336, stack(0x0000006ede100000,0x0000006ede200000)]
  0x000002273034f000 JavaThread "AsyncHttpClient-1-4" daemon [_thread_in_Java, id=21408, stack(0x0000006edeb00000,0x0000006edec00000)]

Other Threads:
  0x000002272db07000 VMThread "VM Thread" [stack: 0x0000006edc900000,0x0000006edca00000] [id=6676]
  0x000002272e491000 WatcherThread [stack: 0x0000006edd200000,0x0000006edd300000] [id=27380]
  0x00000227122df000 GCTaskThread "GC Thread#0" [stack: 0x0000006edc400000,0x0000006edc500000] [id=28500]
  0x000002272f377800 GCTaskThread "GC Thread#1" [stack: 0x0000006edd900000,0x0000006edda00000] [id=17964]
  0x000002272f5bb000 GCTaskThread "GC Thread#2" [stack: 0x0000006edda00000,0x0000006eddb00000] [id=8356]
  0x000002272f5bc000 GCTaskThread "GC Thread#3" [stack: 0x0000006eddb00000,0x0000006eddc00000] [id=15004]
  0x000002272f019000 GCTaskThread "GC Thread#4" [stack: 0x0000006eddc00000,0x0000006eddd00000] [id=19980]
  0x000002272f019800 GCTaskThread "GC Thread#5" [stack: 0x0000006eddd00000,0x0000006edde00000] [id=14100]
  0x000002272eee8800 GCTaskThread "GC Thread#6" [stack: 0x0000006edde00000,0x0000006eddf00000] [id=24708]
  0x000002272eee9800 GCTaskThread "GC Thread#7" [stack: 0x0000006eddf00000,0x0000006ede000000] [id=21820]
  0x00000227122f1800 ConcurrentGCThread "G1 Main Marker" [stack: 0x0000006edc500000,0x0000006edc600000] [id=22748]
  0x00000227122f3000 ConcurrentGCThread "G1 Conc#0" [stack: 0x0000006edc600000,0x0000006edc700000] [id=25156]
  0x000002273060f800 ConcurrentGCThread "G1 Conc#1" [stack: 0x0000006edea00000,0x0000006edeb00000] [id=17944]
  0x000002272d996800 ConcurrentGCThread "G1 Refine#0" [stack: 0x0000006edc700000,0x0000006edc800000] [id=24752]
  0x000002272e600800 ConcurrentGCThread "G1 Refine#1" [stack: 0x0000006ede000000,0x0000006ede100000] [id=23032]
  0x000002272d997800 ConcurrentGCThread "G1 Young RemSet Sampling" [stack: 0x0000006edc800000,0x0000006edc900000] [id=5456]

Threads with active compile tasks:
C2 CompilerThread0    11398 2455   !   4       jdk.internal.loader.BuiltinClassLoader::loadClassOrNull (143 bytes)
C1 CompilerThread0    11398 2472       3       java.lang.invoke.MethodType::dropParameterTypes (162 bytes)

VM state:not at safepoint (normal execution)

VM Mutex/Monitor currently owned by a thread: None

Heap address: 0x00000000e0000000, size: 512 MB, Compressed Oops mode: 32-bit
Narrow klass base: 0x0000000800000000, Narrow klass shift: 3
Compressed class space size: 1073741824 Address: 0x0000000840000000

Heap:
 garbage-first heap   total 262144K, used 57757K [0x00000000e0000000, 0x0000000100000000)
  region size 1024K, 39 young (39936K), 3 survivors (3072K)
 Metaspace       used 24685K, capacity 25734K, committed 25904K, reserved 1071104K
  class space    used 3186K, capacity 3612K, committed 3712K, reserved 1048576K
Heap Regions: E=young(eden), S=young(survivor), O=old, HS=humongous(starts), HC=humongous(continues), CS=collection set, F=free, A=archive, TAMS=top-at-mark-start (previous, next)
|   0|0x00000000e0000000, 0x00000000e0100000, 0x00000000e0100000|100%| O|  |TAMS 0x00000000e0100000, 0x00000000e0000000| Untracked 
|   1|0x00000000e0100000, 0x00000000e0200000, 0x00000000e0200000|100%| O|  |TAMS 0x00000000e0200000, 0x00000000e0100000| Untracked 
|   2|0x00000000e0200000, 0x00000000e0300000, 0x00000000e0300000|100%| O|  |TAMS 0x00000000e0300000, 0x00000000e0200000| Untracked 
|   3|0x00000000e0300000, 0x00000000e0400000, 0x00000000e0400000|100%| O|  |TAMS 0x00000000e0400000, 0x00000000e0300000| Untracked 
|   4|0x00000000e0400000, 0x00000000e0500000, 0x00000000e0500000|100%| O|  |TAMS 0x00000000e0500000, 0x00000000e0400000| Untracked 
|   5|0x00000000e0500000, 0x00000000e0600000, 0x00000000e0600000|100%| O|  |TAMS 0x00000000e0600000, 0x00000000e0500000| Untracked 
|   6|0x00000000e0600000, 0x00000000e0700000, 0x00000000e0700000|100%| O|  |TAMS 0x00000000e0700000, 0x00000000e0600000| Untracked 
|   7|0x00000000e0700000, 0x00000000e0800000, 0x00000000e0800000|100%| O|  |TAMS 0x00000000e0800000, 0x00000000e0700000| Untracked 
|   8|0x00000000e0800000, 0x00000000e0900000, 0x00000000e0900000|100%| O|  |TAMS 0x00000000e0900000, 0x00000000e0800000| Untracked 
|   9|0x00000000e0900000, 0x00000000e0a00000, 0x00000000e0a00000|100%| O|  |TAMS 0x00000000e0a00000, 0x00000000e0900000| Untracked 
|  10|0x00000000e0a00000, 0x00000000e0b00000, 0x00000000e0b00000|100%| O|  |TAMS 0x00000000e0b00000, 0x00000000e0a00000| Untracked 
|  11|0x00000000e0b00000, 0x00000000e0c00000, 0x00000000e0c00000|100%| O|  |TAMS 0x00000000e0c00000, 0x00000000e0b00000| Untracked 
|  12|0x00000000e0c00000, 0x00000000e0d00000, 0x00000000e0d00000|100%| O|  |TAMS 0x00000000e0d00000, 0x00000000e0c00000| Untracked 
|  13|0x00000000e0d00000, 0x00000000e0e00000, 0x00000000e0e00000|100%| O|  |TAMS 0x00000000e0e00000, 0x00000000e0d00000| Untracked 
|  14|0x00000000e0e00000, 0x00000000e0e45400, 0x00000000e0f00000| 27%| O|  |TAMS 0x00000000e0e45400, 0x00000000e0e00000| Untracked 
|  15|0x00000000e0f00000, 0x00000000e1000000, 0x00000000e1000000|100%|HS|  |TAMS 0x00000000e0f00000, 0x00000000e0f00000| Complete 
|  16|0x00000000e1000000, 0x00000000e1100000, 0x00000000e1100000|100%|HC|  |TAMS 0x00000000e1000000, 0x00000000e1000000| Complete 
|  17|0x00000000e1100000, 0x00000000e1200000, 0x00000000e1200000|100%|HC|  |TAMS 0x00000000e1100000, 0x00000000e1100000| Complete 
|  18|0x00000000e1200000, 0x00000000e1300000, 0x00000000e1300000|100%|HC|  |TAMS 0x00000000e1200000, 0x00000000e1200000| Complete 
|  19|0x00000000e1300000, 0x00000000e1400000, 0x00000000e1400000|100%|HC|  |TAMS 0x00000000e1300000, 0x00000000e1300000| Complete 
|  20|0x00000000e1400000, 0x00000000e1400000, 0x00000000e1500000|  0%| F|  |TAMS 0x00000000e1400000, 0x00000000e1400000| Untracked 
|  21|0x00000000e1500000, 0x00000000e1500000, 0x00000000e1600000|  0%| F|  |TAMS 0x00000000e1500000, 0x00000000e1500000| Untracked 
|  22|0x00000000e1600000, 0x00000000e1600000, 0x00000000e1700000|  0%| F|  |TAMS 0x00000000e1600000, 0x00000000e1600000| Untracked 
|  23|0x00000000e1700000, 0x00000000e1700000, 0x00000000e1800000|  0%| F|  |TAMS 0x00000000e1700000, 0x00000000e1700000| Untracked 
|  24|0x00000000e1800000, 0x00000000e1800000, 0x00000000e1900000|  0%| F|  |TAMS 0x00000000e1800000, 0x00000000e1800000| Untracked 
|  25|0x00000000e1900000, 0x00000000e1900000, 0x00000000e1a00000|  0%| F|  |TAMS 0x00000000e1900000, 0x00000000e1900000| Untracked 
|  26|0x00000000e1a00000, 0x00000000e1a00000, 0x00000000e1b00000|  0%| F|  |TAMS 0x00000000e1a00000, 0x00000000e1a00000| Untracked 
|  27|0x00000000e1b00000, 0x00000000e1b00000, 0x00000000e1c00000|  0%| F|  |TAMS 0x00000000e1b00000, 0x00000000e1b00000| Untracked 
|  28|0x00000000e1c00000, 0x00000000e1c00000, 0x00000000e1d00000|  0%| F|  |TAMS 0x00000000e1c00000, 0x00000000e1c00000| Untracked 
|  29|0x00000000e1d00000, 0x00000000e1d00000, 0x00000000e1e00000|  0%| F|  |TAMS 0x00000000e1d00000, 0x00000000e1d00000| Untracked 
|  30|0x00000000e1e00000, 0x00000000e1e00000, 0x00000000e1f00000|  0%| F|  |TAMS 0x00000000e1e00000, 0x00000000e1e00000| Untracked 
|  31|0x00000000e1f00000, 0x00000000e1f00000, 0x00000000e2000000|  0%| F|  |TAMS 0x00000000e1f00000, 0x00000000e1f00000| Untracked 
|  32|0x00000000e2000000, 0x00000000e2000000, 0x00000000e2100000|  0%| F|  |TAMS 0x00000000e2000000, 0x00000000e2000000| Untracked 
|  33|0x00000000e2100000, 0x00000000e2100000, 0x00000000e2200000|  0%| F|  |TAMS 0x00000000e2100000, 0x00000000e2100000| Untracked 
|  34|0x00000000e2200000, 0x00000000e2200000, 0x00000000e2300000|  0%| F|  |TAMS 0x00000000e2200000, 0x00000000e2200000| Untracked 
|  35|0x00000000e2300000, 0x00000000e2300000, 0x00000000e2400000|  0%| F|  |TAMS 0x00000000e2300000, 0x00000000e2300000| Untracked 
|  36|0x00000000e2400000, 0x00000000e2400000, 0x00000000e2500000|  0%| F|  |TAMS 0x00000000e2400000, 0x00000000e2400000| Untracked 
|  37|0x00000000e2500000, 0x00000000e2500000, 0x00000000e2600000|  0%| F|  |TAMS 0x00000000e2500000, 0x00000000e2500000| Untracked 
|  38|0x00000000e2600000, 0x00000000e2600000, 0x00000000e2700000|  0%| F|  |TAMS 0x00000000e2600000, 0x00000000e2600000| Untracked 
|  39|0x00000000e2700000, 0x00000000e2700000, 0x00000000e2800000|  0%| F|  |TAMS 0x00000000e2700000, 0x00000000e2700000| Untracked 
|  40|0x00000000e2800000, 0x00000000e2800000, 0x00000000e2900000|  0%| F|  |TAMS 0x00000000e2800000, 0x00000000e2800000| Untracked 
|  41|0x00000000e2900000, 0x00000000e2900000, 0x00000000e2a00000|  0%| F|  |TAMS 0x00000000e2900000, 0x00000000e2900000| Untracked 
|  42|0x00000000e2a00000, 0x00000000e2a00000, 0x00000000e2b00000|  0%| F|  |TAMS 0x00000000e2a00000, 0x00000000e2a00000| Untracked 
|  43|0x00000000e2b00000, 0x00000000e2b00000, 0x00000000e2c00000|  0%| F|  |TAMS 0x00000000e2b00000, 0x00000000e2b00000| Untracked 
|  44|0x00000000e2c00000, 0x00000000e2c00000, 0x00000000e2d00000|  0%| F|  |TAMS 0x00000000e2c00000, 0x00000000e2c00000| Untracked 
|  45|0x00000000e2d00000, 0x00000000e2d00000, 0x00000000e2e00000|  0%| F|  |TAMS 0x00000000e2d00000, 0x00000000e2d00000| Untracked 
|  46|0x00000000e2e00000, 0x00000000e2e00000, 0x00000000e2f00000|  0%| F|  |TAMS 0x00000000e2e00000, 0x00000000e2e00000| Untracked 
|  47|0x00000000e2f00000, 0x00000000e2f00000, 0x00000000e3000000|  0%| F|  |TAMS 0x00000000e2f00000, 0x00000000e2f00000| Untracked 
|  48|0x00000000e3000000, 0x00000000e3000000, 0x00000000e3100000|  0%| F|  |TAMS 0x00000000e3000000, 0x00000000e3000000| Untracked 
|  49|0x00000000e3100000, 0x00000000e3100000, 0x00000000e3200000|  0%| F|  |TAMS 0x00000000e3100000, 0x00000000e3100000| Untracked 
|  50|0x00000000e3200000, 0x00000000e3200000, 0x00000000e3300000|  0%| F|  |TAMS 0x00000000e3200000, 0x00000000e3200000| Untracked 
|  51|0x00000000e3300000, 0x00000000e3300000, 0x00000000e3400000|  0%| F|  |TAMS 0x00000000e3300000, 0x00000000e3300000| Untracked 
|  52|0x00000000e3400000, 0x00000000e3400000, 0x00000000e3500000|  0%| F|  |TAMS 0x00000000e3400000, 0x00000000e3400000| Untracked 
|  53|0x00000000e3500000, 0x00000000e3500000, 0x00000000e3600000|  0%| F|  |TAMS 0x00000000e3500000, 0x00000000e3500000| Untracked 
|  54|0x00000000e3600000, 0x00000000e3600000, 0x00000000e3700000|  0%| F|  |TAMS 0x00000000e3600000, 0x00000000e3600000| Untracked 
|  55|0x00000000e3700000, 0x00000000e3700000, 0x00000000e3800000|  0%| F|  |TAMS 0x00000000e3700000, 0x00000000e3700000| Untracked 
|  56|0x00000000e3800000, 0x00000000e3800000, 0x00000000e3900000|  0%| F|  |TAMS 0x00000000e3800000, 0x00000000e3800000| Untracked 
|  57|0x00000000e3900000, 0x00000000e3900000, 0x00000000e3a00000|  0%| F|  |TAMS 0x00000000e3900000, 0x00000000e3900000| Untracked 
|  58|0x00000000e3a00000, 0x00000000e3a00000, 0x00000000e3b00000|  0%| F|  |TAMS 0x00000000e3a00000, 0x00000000e3a00000| Untracked 
|  59|0x00000000e3b00000, 0x00000000e3b00000, 0x00000000e3c00000|  0%| F|  |TAMS 0x00000000e3b00000, 0x00000000e3b00000| Untracked 
|  60|0x00000000e3c00000, 0x00000000e3c00000, 0x00000000e3d00000|  0%| F|  |TAMS 0x00000000e3c00000, 0x00000000e3c00000| Untracked 
|  61|0x00000000e3d00000, 0x00000000e3d00000, 0x00000000e3e00000|  0%| F|  |TAMS 0x00000000e3d00000, 0x00000000e3d00000| Untracked 
|  62|0x00000000e3e00000, 0x00000000e3e00000, 0x00000000e3f00000|  0%| F|  |TAMS 0x00000000e3e00000, 0x00000000e3e00000| Untracked 
|  63|0x00000000e3f00000, 0x00000000e3f00000, 0x00000000e4000000|  0%| F|  |TAMS 0x00000000e3f00000, 0x00000000e3f00000| Untracked 
|  64|0x00000000e4000000, 0x00000000e4000000, 0x00000000e4100000|  0%| F|  |TAMS 0x00000000e4000000, 0x00000000e4000000| Untracked 
|  65|0x00000000e4100000, 0x00000000e4100000, 0x00000000e4200000|  0%| F|  |TAMS 0x00000000e4100000, 0x00000000e4100000| Untracked 
|  66|0x00000000e4200000, 0x00000000e4200000, 0x00000000e4300000|  0%| F|  |TAMS 0x00000000e4200000, 0x00000000e4200000| Untracked 
|  67|0x00000000e4300000, 0x00000000e4300000, 0x00000000e4400000|  0%| F|  |TAMS 0x00000000e4300000, 0x00000000e4300000| Untracked 
|  68|0x00000000e4400000, 0x00000000e4400000, 0x00000000e4500000|  0%| F|  |TAMS 0x00000000e4400000, 0x00000000e4400000| Untracked 
|  69|0x00000000e4500000, 0x00000000e4500000, 0x00000000e4600000|  0%| F|  |TAMS 0x00000000e4500000, 0x00000000e4500000| Untracked 
|  70|0x00000000e4600000, 0x00000000e4600000, 0x00000000e4700000|  0%| F|  |TAMS 0x00000000e4600000, 0x00000000e4600000| Untracked 
|  71|0x00000000e4700000, 0x00000000e4700000, 0x00000000e4800000|  0%| F|  |TAMS 0x00000000e4700000, 0x00000000e4700000| Untracked 
|  72|0x00000000e4800000, 0x00000000e4800000, 0x00000000e4900000|  0%| F|  |TAMS 0x00000000e4800000, 0x00000000e4800000| Untracked 
|  73|0x00000000e4900000, 0x00000000e4900000, 0x00000000e4a00000|  0%| F|  |TAMS 0x00000000e4900000, 0x00000000e4900000| Untracked 
|  74|0x00000000e4a00000, 0x00000000e4a00000, 0x00000000e4b00000|  0%| F|  |TAMS 0x00000000e4a00000, 0x00000000e4a00000| Untracked 
|  75|0x00000000e4b00000, 0x00000000e4b00000, 0x00000000e4c00000|  0%| F|  |TAMS 0x00000000e4b00000, 0x00000000e4b00000| Untracked 
|  76|0x00000000e4c00000, 0x00000000e4c00000, 0x00000000e4d00000|  0%| F|  |TAMS 0x00000000e4c00000, 0x00000000e4c00000| Untracked 
|  77|0x00000000e4d00000, 0x00000000e4d00000, 0x00000000e4e00000|  0%| F|  |TAMS 0x00000000e4d00000, 0x00000000e4d00000| Untracked 
|  78|0x00000000e4e00000, 0x00000000e4e00000, 0x00000000e4f00000|  0%| F|  |TAMS 0x00000000e4e00000, 0x00000000e4e00000| Untracked 
|  79|0x00000000e4f00000, 0x00000000e4f00000, 0x00000000e5000000|  0%| F|  |TAMS 0x00000000e4f00000, 0x00000000e4f00000| Untracked 
|  80|0x00000000e5000000, 0x00000000e5000000, 0x00000000e5100000|  0%| F|  |TAMS 0x00000000e5000000, 0x00000000e5000000| Untracked 
|  81|0x00000000e5100000, 0x00000000e5100000, 0x00000000e5200000|  0%| F|  |TAMS 0x00000000e5100000, 0x00000000e5100000| Untracked 
|  82|0x00000000e5200000, 0x00000000e5200000, 0x00000000e5300000|  0%| F|  |TAMS 0x00000000e5200000, 0x00000000e5200000| Untracked 
|  83|0x00000000e5300000, 0x00000000e5300000, 0x00000000e5400000|  0%| F|  |TAMS 0x00000000e5300000, 0x00000000e5300000| Untracked 
|  84|0x00000000e5400000, 0x00000000e5400000, 0x00000000e5500000|  0%| F|  |TAMS 0x00000000e5400000, 0x00000000e5400000| Untracked 
|  85|0x00000000e5500000, 0x00000000e5500000, 0x00000000e5600000|  0%| F|  |TAMS 0x00000000e5500000, 0x00000000e5500000| Untracked 
|  86|0x00000000e5600000, 0x00000000e5600000, 0x00000000e5700000|  0%| F|  |TAMS 0x00000000e5600000, 0x00000000e5600000| Untracked 
|  87|0x00000000e5700000, 0x00000000e5700000, 0x00000000e5800000|  0%| F|  |TAMS 0x00000000e5700000, 0x00000000e5700000| Untracked 
|  88|0x00000000e5800000, 0x00000000e5800000, 0x00000000e5900000|  0%| F|  |TAMS 0x00000000e5800000, 0x00000000e5800000| Untracked 
|  89|0x00000000e5900000, 0x00000000e5900000, 0x00000000e5a00000|  0%| F|  |TAMS 0x00000000e5900000, 0x00000000e5900000| Untracked 
|  90|0x00000000e5a00000, 0x00000000e5a00000, 0x00000000e5b00000|  0%| F|  |TAMS 0x00000000e5a00000, 0x00000000e5a00000| Untracked 
|  91|0x00000000e5b00000, 0x00000000e5b00000, 0x00000000e5c00000|  0%| F|  |TAMS 0x00000000e5b00000, 0x00000000e5b00000| Untracked 
|  92|0x00000000e5c00000, 0x00000000e5c00000, 0x00000000e5d00000|  0%| F|  |TAMS 0x00000000e5c00000, 0x00000000e5c00000| Untracked 
|  93|0x00000000e5d00000, 0x00000000e5d00000, 0x00000000e5e00000|  0%| F|  |TAMS 0x00000000e5d00000, 0x00000000e5d00000| Untracked 
|  94|0x00000000e5e00000, 0x00000000e5e00000, 0x00000000e5f00000|  0%| F|  |TAMS 0x00000000e5e00000, 0x00000000e5e00000| Untracked 
|  95|0x00000000e5f00000, 0x00000000e5f00000, 0x00000000e6000000|  0%| F|  |TAMS 0x00000000e5f00000, 0x00000000e5f00000| Untracked 
|  96|0x00000000e6000000, 0x00000000e6000000, 0x00000000e6100000|  0%| F|  |TAMS 0x00000000e6000000, 0x00000000e6000000| Untracked 
|  97|0x00000000e6100000, 0x00000000e6100000, 0x00000000e6200000|  0%| F|  |TAMS 0x00000000e6100000, 0x00000000e6100000| Untracked 
|  98|0x00000000e6200000, 0x00000000e6200000, 0x00000000e6300000|  0%| F|  |TAMS 0x00000000e6200000, 0x00000000e6200000| Untracked 
|  99|0x00000000e6300000, 0x00000000e6300000, 0x00000000e6400000|  0%| F|  |TAMS 0x00000000e6300000, 0x00000000e6300000| Untracked 
| 100|0x00000000e6400000, 0x00000000e6400000, 0x00000000e6500000|  0%| F|  |TAMS 0x00000000e6400000, 0x00000000e6400000| Untracked 
| 101|0x00000000e6500000, 0x00000000e6500000, 0x00000000e6600000|  0%| F|  |TAMS 0x00000000e6500000, 0x00000000e6500000| Untracked 
| 102|0x00000000e6600000, 0x00000000e6600000, 0x00000000e6700000|  0%| F|  |TAMS 0x00000000e6600000, 0x00000000e6600000| Untracked 
| 103|0x00000000e6700000, 0x00000000e6700000, 0x00000000e6800000|  0%| F|  |TAMS 0x00000000e6700000, 0x00000000e6700000| Untracked 
| 104|0x00000000e6800000, 0x00000000e6800000, 0x00000000e6900000|  0%| F|  |TAMS 0x00000000e6800000, 0x00000000e6800000| Untracked 
| 105|0x00000000e6900000, 0x00000000e6900000, 0x00000000e6a00000|  0%| F|  |TAMS 0x00000000e6900000, 0x00000000e6900000| Untracked 
| 106|0x00000000e6a00000, 0x00000000e6a00000, 0x00000000e6b00000|  0%| F|  |TAMS 0x00000000e6a00000, 0x00000000e6a00000| Untracked 
| 107|0x00000000e6b00000, 0x00000000e6b00000, 0x00000000e6c00000|  0%| F|  |TAMS 0x00000000e6b00000, 0x00000000e6b00000| Untracked 
| 108|0x00000000e6c00000, 0x00000000e6c00000, 0x00000000e6d00000|  0%| F|  |TAMS 0x00000000e6c00000, 0x00000000e6c00000| Untracked 
| 109|0x00000000e6d00000, 0x00000000e6d00000, 0x00000000e6e00000|  0%| F|  |TAMS 0x00000000e6d00000, 0x00000000e6d00000| Untracked 
| 110|0x00000000e6e00000, 0x00000000e6e00000, 0x00000000e6f00000|  0%| F|  |TAMS 0x00000000e6e00000, 0x00000000e6e00000| Untracked 
| 111|0x00000000e6f00000, 0x00000000e6f00000, 0x00000000e7000000|  0%| F|  |TAMS 0x00000000e6f00000, 0x00000000e6f00000| Untracked 
| 112|0x00000000e7000000, 0x00000000e7000000, 0x00000000e7100000|  0%| F|  |TAMS 0x00000000e7000000, 0x00000000e7000000| Untracked 
| 113|0x00000000e7100000, 0x00000000e7100000, 0x00000000e7200000|  0%| F|  |TAMS 0x00000000e7100000, 0x00000000e7100000| Untracked 
| 114|0x00000000e7200000, 0x00000000e7200000, 0x00000000e7300000|  0%| F|  |TAMS 0x00000000e7200000, 0x00000000e7200000| Untracked 
| 115|0x00000000e7300000, 0x00000000e7300000, 0x00000000e7400000|  0%| F|  |TAMS 0x00000000e7300000, 0x00000000e7300000| Untracked 
| 116|0x00000000e7400000, 0x00000000e7400000, 0x00000000e7500000|  0%| F|  |TAMS 0x00000000e7400000, 0x00000000e7400000| Untracked 
| 117|0x00000000e7500000, 0x00000000e7500000, 0x00000000e7600000|  0%| F|  |TAMS 0x00000000e7500000, 0x00000000e7500000| Untracked 
| 118|0x00000000e7600000, 0x00000000e7600000, 0x00000000e7700000|  0%| F|  |TAMS 0x00000000e7600000, 0x00000000e7600000| Untracked 
| 119|0x00000000e7700000, 0x00000000e7700000, 0x00000000e7800000|  0%| F|  |TAMS 0x00000000e7700000, 0x00000000e7700000| Untracked 
| 120|0x00000000e7800000, 0x00000000e7800000, 0x00000000e7900000|  0%| F|  |TAMS 0x00000000e7800000, 0x00000000e7800000| Untracked 
| 121|0x00000000e7900000, 0x00000000e7900000, 0x00000000e7a00000|  0%| F|  |TAMS 0x00000000e7900000, 0x00000000e7900000| Untracked 
| 122|0x00000000e7a00000, 0x00000000e7a00000, 0x00000000e7b00000|  0%| F|  |TAMS 0x00000000e7a00000, 0x00000000e7a00000| Untracked 
| 123|0x00000000e7b00000, 0x00000000e7b00000, 0x00000000e7c00000|  0%| F|  |TAMS 0x00000000e7b00000, 0x00000000e7b00000| Untracked 
| 124|0x00000000e7c00000, 0x00000000e7c00000, 0x00000000e7d00000|  0%| F|  |TAMS 0x00000000e7c00000, 0x00000000e7c00000| Untracked 
| 125|0x00000000e7d00000, 0x00000000e7d00000, 0x00000000e7e00000|  0%| F|  |TAMS 0x00000000e7d00000, 0x00000000e7d00000| Untracked 
| 126|0x00000000e7e00000, 0x00000000e7e00000, 0x00000000e7f00000|  0%| F|  |TAMS 0x00000000e7e00000, 0x00000000e7e00000| Untracked 
| 127|0x00000000e7f00000, 0x00000000e7f00000, 0x00000000e8000000|  0%| F|  |TAMS 0x00000000e7f00000, 0x00000000e7f00000| Untracked 
| 128|0x00000000e8000000, 0x00000000e8000000, 0x00000000e8100000|  0%| F|  |TAMS 0x00000000e8000000, 0x00000000e8000000| Untracked 
| 129|0x00000000e8100000, 0x00000000e8100000, 0x00000000e8200000|  0%| F|  |TAMS 0x00000000e8100000, 0x00000000e8100000| Untracked 
| 130|0x00000000e8200000, 0x00000000e8200000, 0x00000000e8300000|  0%| F|  |TAMS 0x00000000e8200000, 0x00000000e8200000| Untracked 
| 131|0x00000000e8300000, 0x00000000e8300000, 0x00000000e8400000|  0%| F|  |TAMS 0x00000000e8300000, 0x00000000e8300000| Untracked 
| 132|0x00000000e8400000, 0x00000000e8400000, 0x00000000e8500000|  0%| F|  |TAMS 0x00000000e8400000, 0x00000000e8400000| Untracked 
| 133|0x00000000e8500000, 0x00000000e8500000, 0x00000000e8600000|  0%| F|  |TAMS 0x00000000e8500000, 0x00000000e8500000| Untracked 
| 134|0x00000000e8600000, 0x00000000e8600000, 0x00000000e8700000|  0%| F|  |TAMS 0x00000000e8600000, 0x00000000e8600000| Untracked 
| 135|0x00000000e8700000, 0x00000000e8700000, 0x00000000e8800000|  0%| F|  |TAMS 0x00000000e8700000, 0x00000000e8700000| Untracked 
| 136|0x00000000e8800000, 0x00000000e8800000, 0x00000000e8900000|  0%| F|  |TAMS 0x00000000e8800000, 0x00000000e8800000| Untracked 
| 137|0x00000000e8900000, 0x00000000e8900000, 0x00000000e8a00000|  0%| F|  |TAMS 0x00000000e8900000, 0x00000000e8900000| Untracked 
| 138|0x00000000e8a00000, 0x00000000e8a00000, 0x00000000e8b00000|  0%| F|  |TAMS 0x00000000e8a00000, 0x00000000e8a00000| Untracked 
| 139|0x00000000e8b00000, 0x00000000e8b00000, 0x00000000e8c00000|  0%| F|  |TAMS 0x00000000e8b00000, 0x00000000e8b00000| Untracked 
| 140|0x00000000e8c00000, 0x00000000e8c00000, 0x00000000e8d00000|  0%| F|  |TAMS 0x00000000e8c00000, 0x00000000e8c00000| Untracked 
| 141|0x00000000e8d00000, 0x00000000e8d00000, 0x00000000e8e00000|  0%| F|  |TAMS 0x00000000e8d00000, 0x00000000e8d00000| Untracked 
| 142|0x00000000e8e00000, 0x00000000e8e00000, 0x00000000e8f00000|  0%| F|  |TAMS 0x00000000e8e00000, 0x00000000e8e00000| Untracked 
| 143|0x00000000e8f00000, 0x00000000e8f00000, 0x00000000e9000000|  0%| F|  |TAMS 0x00000000e8f00000, 0x00000000e8f00000| Untracked 
| 144|0x00000000e9000000, 0x00000000e9000000, 0x00000000e9100000|  0%| F|  |TAMS 0x00000000e9000000, 0x00000000e9000000| Untracked 
| 145|0x00000000e9100000, 0x00000000e9100000, 0x00000000e9200000|  0%| F|  |TAMS 0x00000000e9100000, 0x00000000e9100000| Untracked 
| 146|0x00000000e9200000, 0x00000000e9200000, 0x00000000e9300000|  0%| F|  |TAMS 0x00000000e9200000, 0x00000000e9200000| Untracked 
| 147|0x00000000e9300000, 0x00000000e9300000, 0x00000000e9400000|  0%| F|  |TAMS 0x00000000e9300000, 0x00000000e9300000| Untracked 
| 148|0x00000000e9400000, 0x00000000e9400000, 0x00000000e9500000|  0%| F|  |TAMS 0x00000000e9400000, 0x00000000e9400000| Untracked 
| 149|0x00000000e9500000, 0x00000000e9500000, 0x00000000e9600000|  0%| F|  |TAMS 0x00000000e9500000, 0x00000000e9500000| Untracked 
| 150|0x00000000e9600000, 0x00000000e9600000, 0x00000000e9700000|  0%| F|  |TAMS 0x00000000e9600000, 0x00000000e9600000| Untracked 
| 151|0x00000000e9700000, 0x00000000e9700000, 0x00000000e9800000|  0%| F|  |TAMS 0x00000000e9700000, 0x00000000e9700000| Untracked 
| 152|0x00000000e9800000, 0x00000000e9800000, 0x00000000e9900000|  0%| F|  |TAMS 0x00000000e9800000, 0x00000000e9800000| Untracked 
| 153|0x00000000e9900000, 0x00000000e9900000, 0x00000000e9a00000|  0%| F|  |TAMS 0x00000000e9900000, 0x00000000e9900000| Untracked 
| 154|0x00000000e9a00000, 0x00000000e9a00000, 0x00000000e9b00000|  0%| F|  |TAMS 0x00000000e9a00000, 0x00000000e9a00000| Untracked 
| 155|0x00000000e9b00000, 0x00000000e9b00000, 0x00000000e9c00000|  0%| F|  |TAMS 0x00000000e9b00000, 0x00000000e9b00000| Untracked 
| 156|0x00000000e9c00000, 0x00000000e9c00000, 0x00000000e9d00000|  0%| F|  |TAMS 0x00000000e9c00000, 0x00000000e9c00000| Untracked 
| 157|0x00000000e9d00000, 0x00000000e9d00000, 0x00000000e9e00000|  0%| F|  |TAMS 0x00000000e9d00000, 0x00000000e9d00000| Untracked 
| 158|0x00000000e9e00000, 0x00000000e9e00000, 0x00000000e9f00000|  0%| F|  |TAMS 0x00000000e9e00000, 0x00000000e9e00000| Untracked 
| 159|0x00000000e9f00000, 0x00000000e9f00000, 0x00000000ea000000|  0%| F|  |TAMS 0x00000000e9f00000, 0x00000000e9f00000| Untracked 
| 160|0x00000000ea000000, 0x00000000ea000000, 0x00000000ea100000|  0%| F|  |TAMS 0x00000000ea000000, 0x00000000ea000000| Untracked 
| 161|0x00000000ea100000, 0x00000000ea100000, 0x00000000ea200000|  0%| F|  |TAMS 0x00000000ea100000, 0x00000000ea100000| Untracked 
| 162|0x00000000ea200000, 0x00000000ea200000, 0x00000000ea300000|  0%| F|  |TAMS 0x00000000ea200000, 0x00000000ea200000| Untracked 
| 163|0x00000000ea300000, 0x00000000ea300000, 0x00000000ea400000|  0%| F|  |TAMS 0x00000000ea300000, 0x00000000ea300000| Untracked 
| 164|0x00000000ea400000, 0x00000000ea400000, 0x00000000ea500000|  0%| F|  |TAMS 0x00000000ea400000, 0x00000000ea400000| Untracked 
| 165|0x00000000ea500000, 0x00000000ea500000, 0x00000000ea600000|  0%| F|  |TAMS 0x00000000ea500000, 0x00000000ea500000| Untracked 
| 166|0x00000000ea600000, 0x00000000ea600000, 0x00000000ea700000|  0%| F|  |TAMS 0x00000000ea600000, 0x00000000ea600000| Untracked 
| 167|0x00000000ea700000, 0x00000000ea700000, 0x00000000ea800000|  0%| F|  |TAMS 0x00000000ea700000, 0x00000000ea700000| Untracked 
| 168|0x00000000ea800000, 0x00000000ea800000, 0x00000000ea900000|  0%| F|  |TAMS 0x00000000ea800000, 0x00000000ea800000| Untracked 
| 169|0x00000000ea900000, 0x00000000ea900000, 0x00000000eaa00000|  0%| F|  |TAMS 0x00000000ea900000, 0x00000000ea900000| Untracked 
| 170|0x00000000eaa00000, 0x00000000eaa00000, 0x00000000eab00000|  0%| F|  |TAMS 0x00000000eaa00000, 0x00000000eaa00000| Untracked 
| 171|0x00000000eab00000, 0x00000000eab00000, 0x00000000eac00000|  0%| F|  |TAMS 0x00000000eab00000, 0x00000000eab00000| Untracked 
| 172|0x00000000eac00000, 0x00000000eac00000, 0x00000000ead00000|  0%| F|  |TAMS 0x00000000eac00000, 0x00000000eac00000| Untracked 
| 173|0x00000000ead00000, 0x00000000ead00000, 0x00000000eae00000|  0%| F|  |TAMS 0x00000000ead00000, 0x00000000ead00000| Untracked 
| 174|0x00000000eae00000, 0x00000000eae00000, 0x00000000eaf00000|  0%| F|  |TAMS 0x00000000eae00000, 0x00000000eae00000| Untracked 
| 175|0x00000000eaf00000, 0x00000000eaf00000, 0x00000000eb000000|  0%| F|  |TAMS 0x00000000eaf00000, 0x00000000eaf00000| Untracked 
| 176|0x00000000eb000000, 0x00000000eb000000, 0x00000000eb100000|  0%| F|  |TAMS 0x00000000eb000000, 0x00000000eb000000| Untracked 
| 177|0x00000000eb100000, 0x00000000eb100000, 0x00000000eb200000|  0%| F|  |TAMS 0x00000000eb100000, 0x00000000eb100000| Untracked 
| 178|0x00000000eb200000, 0x00000000eb200000, 0x00000000eb300000|  0%| F|  |TAMS 0x00000000eb200000, 0x00000000eb200000| Untracked 
| 179|0x00000000eb300000, 0x00000000eb300000, 0x00000000eb400000|  0%| F|  |TAMS 0x00000000eb300000, 0x00000000eb300000| Untracked 
| 180|0x00000000eb400000, 0x00000000eb400000, 0x00000000eb500000|  0%| F|  |TAMS 0x00000000eb400000, 0x00000000eb400000| Untracked 
| 181|0x00000000eb500000, 0x00000000eb500000, 0x00000000eb600000|  0%| F|  |TAMS 0x00000000eb500000, 0x00000000eb500000| Untracked 
| 182|0x00000000eb600000, 0x00000000eb600000, 0x00000000eb700000|  0%| F|  |TAMS 0x00000000eb600000, 0x00000000eb600000| Untracked 
| 183|0x00000000eb700000, 0x00000000eb700000, 0x00000000eb800000|  0%| F|  |TAMS 0x00000000eb700000, 0x00000000eb700000| Untracked 
| 184|0x00000000eb800000, 0x00000000eb800000, 0x00000000eb900000|  0%| F|  |TAMS 0x00000000eb800000, 0x00000000eb800000| Untracked 
| 185|0x00000000eb900000, 0x00000000eb900000, 0x00000000eba00000|  0%| F|  |TAMS 0x00000000eb900000, 0x00000000eb900000| Untracked 
| 186|0x00000000eba00000, 0x00000000eba00000, 0x00000000ebb00000|  0%| F|  |TAMS 0x00000000eba00000, 0x00000000eba00000| Untracked 
| 187|0x00000000ebb00000, 0x00000000ebb00000, 0x00000000ebc00000|  0%| F|  |TAMS 0x00000000ebb00000, 0x00000000ebb00000| Untracked 
| 188|0x00000000ebc00000, 0x00000000ebc00000, 0x00000000ebd00000|  0%| F|  |TAMS 0x00000000ebc00000, 0x00000000ebc00000| Untracked 
| 189|0x00000000ebd00000, 0x00000000ebd00000, 0x00000000ebe00000|  0%| F|  |TAMS 0x00000000ebd00000, 0x00000000ebd00000| Untracked 
| 190|0x00000000ebe00000, 0x00000000ebe00000, 0x00000000ebf00000|  0%| F|  |TAMS 0x00000000ebe00000, 0x00000000ebe00000| Untracked 
| 191|0x00000000ebf00000, 0x00000000ebf00000, 0x00000000ec000000|  0%| F|  |TAMS 0x00000000ebf00000, 0x00000000ebf00000| Untracked 
| 192|0x00000000ec000000, 0x00000000ec000000, 0x00000000ec100000|  0%| F|  |TAMS 0x00000000ec000000, 0x00000000ec000000| Untracked 
| 193|0x00000000ec100000, 0x00000000ec100000, 0x00000000ec200000|  0%| F|  |TAMS 0x00000000ec100000, 0x00000000ec100000| Untracked 
| 194|0x00000000ec200000, 0x00000000ec200000, 0x00000000ec300000|  0%| F|  |TAMS 0x00000000ec200000, 0x00000000ec200000| Untracked 
| 195|0x00000000ec300000, 0x00000000ec300000, 0x00000000ec400000|  0%| F|  |TAMS 0x00000000ec300000, 0x00000000ec300000| Untracked 
| 196|0x00000000ec400000, 0x00000000ec400000, 0x00000000ec500000|  0%| F|  |TAMS 0x00000000ec400000, 0x00000000ec400000| Untracked 
| 197|0x00000000ec500000, 0x00000000ec500000, 0x00000000ec600000|  0%| F|  |TAMS 0x00000000ec500000, 0x00000000ec500000| Untracked 
| 198|0x00000000ec600000, 0x00000000ec600000, 0x00000000ec700000|  0%| F|  |TAMS 0x00000000ec600000, 0x00000000ec600000| Untracked 
| 199|0x00000000ec700000, 0x00000000ec700000, 0x00000000ec800000|  0%| F|  |TAMS 0x00000000ec700000, 0x00000000ec700000| Untracked 
| 200|0x00000000ec800000, 0x00000000ec800000, 0x00000000ec900000|  0%| F|  |TAMS 0x00000000ec800000, 0x00000000ec800000| Untracked 
| 201|0x00000000ec900000, 0x00000000ec900000, 0x00000000eca00000|  0%| F|  |TAMS 0x00000000ec900000, 0x00000000ec900000| Untracked 
| 202|0x00000000eca00000, 0x00000000eca00000, 0x00000000ecb00000|  0%| F|  |TAMS 0x00000000eca00000, 0x00000000eca00000| Untracked 
| 203|0x00000000ecb00000, 0x00000000ecb00000, 0x00000000ecc00000|  0%| F|  |TAMS 0x00000000ecb00000, 0x00000000ecb00000| Untracked 
| 204|0x00000000ecc00000, 0x00000000ecc00000, 0x00000000ecd00000|  0%| F|  |TAMS 0x00000000ecc00000, 0x00000000ecc00000| Untracked 
| 205|0x00000000ecd00000, 0x00000000ecd00000, 0x00000000ece00000|  0%| F|  |TAMS 0x00000000ecd00000, 0x00000000ecd00000| Untracked 
| 206|0x00000000ece00000, 0x00000000ece00000, 0x00000000ecf00000|  0%| F|  |TAMS 0x00000000ece00000, 0x00000000ece00000| Untracked 
| 207|0x00000000ecf00000, 0x00000000ecf00000, 0x00000000ed000000|  0%| F|  |TAMS 0x00000000ecf00000, 0x00000000ecf00000| Untracked 
| 208|0x00000000ed000000, 0x00000000ed000000, 0x00000000ed100000|  0%| F|  |TAMS 0x00000000ed000000, 0x00000000ed000000| Untracked 
| 209|0x00000000ed100000, 0x00000000ed100000, 0x00000000ed200000|  0%| F|  |TAMS 0x00000000ed100000, 0x00000000ed100000| Untracked 
| 210|0x00000000ed200000, 0x00000000ed200000, 0x00000000ed300000|  0%| F|  |TAMS 0x00000000ed200000, 0x00000000ed200000| Untracked 
| 211|0x00000000ed300000, 0x00000000ed300000, 0x00000000ed400000|  0%| F|  |TAMS 0x00000000ed300000, 0x00000000ed300000| Untracked 
| 212|0x00000000ed400000, 0x00000000ed400000, 0x00000000ed500000|  0%| F|  |TAMS 0x00000000ed400000, 0x00000000ed400000| Untracked 
| 213|0x00000000ed500000, 0x00000000ed500000, 0x00000000ed600000|  0%| F|  |TAMS 0x00000000ed500000, 0x00000000ed500000| Untracked 
| 214|0x00000000ed600000, 0x00000000ed600000, 0x00000000ed700000|  0%| F|  |TAMS 0x00000000ed600000, 0x00000000ed600000| Untracked 
| 215|0x00000000ed700000, 0x00000000ed700000, 0x00000000ed800000|  0%| F|  |TAMS 0x00000000ed700000, 0x00000000ed700000| Untracked 
| 216|0x00000000ed800000, 0x00000000ed800000, 0x00000000ed900000|  0%| F|  |TAMS 0x00000000ed800000, 0x00000000ed800000| Untracked 
| 217|0x00000000ed900000, 0x00000000ed922228, 0x00000000eda00000| 13%| S|CS|TAMS 0x00000000ed900000, 0x00000000ed900000| Complete 
| 218|0x00000000eda00000, 0x00000000edb00000, 0x00000000edb00000|100%| S|CS|TAMS 0x00000000eda00000, 0x00000000eda00000| Complete 
| 219|0x00000000edb00000, 0x00000000edc00000, 0x00000000edc00000|100%| S|CS|TAMS 0x00000000edb00000, 0x00000000edb00000| Complete 
| 220|0x00000000edc00000, 0x00000000edd00000, 0x00000000edd00000|100%| E|  |TAMS 0x00000000edc00000, 0x00000000edc00000| Complete 
| 221|0x00000000edd00000, 0x00000000ede00000, 0x00000000ede00000|100%| E|CS|TAMS 0x00000000edd00000, 0x00000000edd00000| Complete 
| 222|0x00000000ede00000, 0x00000000edf00000, 0x00000000edf00000|100%| E|CS|TAMS 0x00000000ede00000, 0x00000000ede00000| Complete 
| 223|0x00000000edf00000, 0x00000000ee000000, 0x00000000ee000000|100%| E|CS|TAMS 0x00000000edf00000, 0x00000000edf00000| Complete 
| 224|0x00000000ee000000, 0x00000000ee100000, 0x00000000ee100000|100%| E|CS|TAMS 0x00000000ee000000, 0x00000000ee000000| Complete 
| 225|0x00000000ee100000, 0x00000000ee200000, 0x00000000ee200000|100%| E|CS|TAMS 0x00000000ee100000, 0x00000000ee100000| Complete 
| 226|0x00000000ee200000, 0x00000000ee300000, 0x00000000ee300000|100%| E|CS|TAMS 0x00000000ee200000, 0x00000000ee200000| Complete 
| 227|0x00000000ee300000, 0x00000000ee400000, 0x00000000ee400000|100%| E|CS|TAMS 0x00000000ee300000, 0x00000000ee300000| Complete 
| 228|0x00000000ee400000, 0x00000000ee500000, 0x00000000ee500000|100%| E|CS|TAMS 0x00000000ee400000, 0x00000000ee400000| Complete 
| 229|0x00000000ee500000, 0x00000000ee600000, 0x00000000ee600000|100%| E|CS|TAMS 0x00000000ee500000, 0x00000000ee500000| Complete 
| 230|0x00000000ee600000, 0x00000000ee700000, 0x00000000ee700000|100%| E|CS|TAMS 0x00000000ee600000, 0x00000000ee600000| Complete 
| 231|0x00000000ee700000, 0x00000000ee800000, 0x00000000ee800000|100%| E|CS|TAMS 0x00000000ee700000, 0x00000000ee700000| Complete 
| 232|0x00000000ee800000, 0x00000000ee900000, 0x00000000ee900000|100%| E|CS|TAMS 0x00000000ee800000, 0x00000000ee800000| Complete 
| 233|0x00000000ee900000, 0x00000000eea00000, 0x00000000eea00000|100%| E|CS|TAMS 0x00000000ee900000, 0x00000000ee900000| Complete 
| 234|0x00000000eea00000, 0x00000000eeb00000, 0x00000000eeb00000|100%| E|CS|TAMS 0x00000000eea00000, 0x00000000eea00000| Complete 
| 235|0x00000000eeb00000, 0x00000000eec00000, 0x00000000eec00000|100%| E|CS|TAMS 0x00000000eeb00000, 0x00000000eeb00000| Complete 
| 236|0x00000000eec00000, 0x00000000eed00000, 0x00000000eed00000|100%| E|CS|TAMS 0x00000000eec00000, 0x00000000eec00000| Complete 
| 237|0x00000000eed00000, 0x00000000eee00000, 0x00000000eee00000|100%| E|CS|TAMS 0x00000000eed00000, 0x00000000eed00000| Complete 
| 238|0x00000000eee00000, 0x00000000eef00000, 0x00000000eef00000|100%| E|CS|TAMS 0x00000000eee00000, 0x00000000eee00000| Complete 
| 239|0x00000000eef00000, 0x00000000ef000000, 0x00000000ef000000|100%| E|CS|TAMS 0x00000000eef00000, 0x00000000eef00000| Complete 
| 240|0x00000000ef000000, 0x00000000ef100000, 0x00000000ef100000|100%| E|CS|TAMS 0x00000000ef000000, 0x00000000ef000000| Complete 
| 241|0x00000000ef100000, 0x00000000ef200000, 0x00000000ef200000|100%| E|CS|TAMS 0x00000000ef100000, 0x00000000ef100000| Complete 
| 242|0x00000000ef200000, 0x00000000ef300000, 0x00000000ef300000|100%| E|CS|TAMS 0x00000000ef200000, 0x00000000ef200000| Complete 
| 243|0x00000000ef300000, 0x00000000ef400000, 0x00000000ef400000|100%| E|CS|TAMS 0x00000000ef300000, 0x00000000ef300000| Complete 
| 244|0x00000000ef400000, 0x00000000ef500000, 0x00000000ef500000|100%| E|CS|TAMS 0x00000000ef400000, 0x00000000ef400000| Complete 
| 245|0x00000000ef500000, 0x00000000ef600000, 0x00000000ef600000|100%| E|CS|TAMS 0x00000000ef500000, 0x00000000ef500000| Complete 
| 246|0x00000000ef600000, 0x00000000ef700000, 0x00000000ef700000|100%| E|CS|TAMS 0x00000000ef600000, 0x00000000ef600000| Complete 
| 247|0x00000000ef700000, 0x00000000ef800000, 0x00000000ef800000|100%| E|CS|TAMS 0x00000000ef700000, 0x00000000ef700000| Complete 
| 248|0x00000000ef800000, 0x00000000ef900000, 0x00000000ef900000|100%| E|CS|TAMS 0x00000000ef800000, 0x00000000ef800000| Complete 
| 249|0x00000000ef900000, 0x00000000efa00000, 0x00000000efa00000|100%| E|CS|TAMS 0x00000000ef900000, 0x00000000ef900000| Complete 
| 250|0x00000000efa00000, 0x00000000efb00000, 0x00000000efb00000|100%| E|CS|TAMS 0x00000000efa00000, 0x00000000efa00000| Complete 
| 251|0x00000000efb00000, 0x00000000efc00000, 0x00000000efc00000|100%| E|CS|TAMS 0x00000000efb00000, 0x00000000efb00000| Complete 
| 252|0x00000000efc00000, 0x00000000efd00000, 0x00000000efd00000|100%| E|CS|TAMS 0x00000000efc00000, 0x00000000efc00000| Complete 
| 253|0x00000000efd00000, 0x00000000efe00000, 0x00000000efe00000|100%| E|CS|TAMS 0x00000000efd00000, 0x00000000efd00000| Complete 
| 254|0x00000000efe00000, 0x00000000eff00000, 0x00000000eff00000|100%| E|CS|TAMS 0x00000000efe00000, 0x00000000efe00000| Complete 
| 255|0x00000000eff00000, 0x00000000f0000000, 0x00000000f0000000|100%| E|CS|TAMS 0x00000000eff00000, 0x00000000eff00000| Complete 

Card table byte_map: [0x0000022729ec0000,0x0000022729fc0000] _byte_map_base: 0x00000227297c0000

Marking Bits (Prev, Next): (CMBitMap*) 0x00000227122eec70, (CMBitMap*) 0x00000227122eec38
 Prev Bits: [0x000002272a8c0000, 0x000002272b0c0000)
 Next Bits: [0x000002272a0c0000, 0x000002272a8c0000)

Polling page: 0x0000022711aa0000

Metaspace:

Usage:
  Non-class:     21.61 MB capacity,    21.00 MB ( 97%) used,   510.12 KB (  2%) free+waste,   111.12 KB ( <1%) overhead. 
      Class:      3.53 MB capacity,     3.11 MB ( 88%) used,   368.20 KB ( 10%) free+waste,    57.50 KB (  2%) overhead. 
       Both:     25.13 MB capacity,    24.11 MB ( 96%) used,   878.31 KB (  3%) free+waste,   168.62 KB ( <1%) overhead. 

Virtual space:
  Non-class space:       22.00 MB reserved,      21.67 MB ( 99%) committed 
      Class space:        1.00 GB reserved,       3.62 MB ( <1%) committed 
             Both:        1.02 GB reserved,      25.30 MB (  2%) committed 

Chunk freelists:
   Non-Class:  4.00 KB
       Class:  0 bytes
        Both:  4.00 KB

MaxMetaspaceSize: 17179869184.00 GB
CompressedClassSpaceSize: 1.00 GB
Initial GC threshold: 20.80 MB
Current GC threshold: 35.08 MB
CDS: on

CodeHeap 'non-profiled nmethods': size=120000Kb used=1205Kb max_used=1205Kb free=118794Kb
 bounds [0x0000022722560000, 0x00000227227d0000, 0x0000022729a90000]
CodeHeap 'profiled nmethods': size=120000Kb used=5122Kb max_used=5122Kb free=114877Kb
 bounds [0x000002271b030000, 0x000002271b540000, 0x0000022722560000]
CodeHeap 'non-nmethods': size=5760Kb used=1258Kb max_used=1287Kb free=4501Kb
 bounds [0x000002271aa90000, 0x000002271ad00000, 0x000002271b030000]
 total_blobs=3000 nmethods=2459 adapters=453
 compilation: enabled
              stopped_count=0, restarted_count=0
 full_count=0

Compilation events (20 events):
Event: 11.333 Thread 0x000002272db2e800 nmethod 2462 0x000002271b52b890 code [0x000002271b52bb60, 0x000002271b52c7e8]
Event: 11.333 Thread 0x000002272db2e800 2463       3       java.lang.Class::getMethod0 (31 bytes)
Event: 11.333 Thread 0x000002272db2e800 nmethod 2463 0x000002271b52cc90 code [0x000002271b52ce60, 0x000002271b52d098]
Event: 11.333 Thread 0x000002272db2e800 2464       3       io.netty.channel.AbstractChannelHandlerContext::channel (8 bytes)
Event: 11.333 Thread 0x000002272db2e800 nmethod 2464 0x000002271b52d190 code [0x000002271b52d340, 0x000002271b52d478]
Event: 11.335 Thread 0x000002272db2e800 2465       1       java.util.concurrent.atomic.AtomicInteger::get (5 bytes)
Event: 11.335 Thread 0x000002272db2e800 nmethod 2465 0x000002272268cd10 code [0x000002272268cec0, 0x000002272268cf98]
Event: 11.335 Thread 0x000002272db2e800 2466       3       io.netty.util.internal.shaded.org.jctools.util.Pow2::roundToPowerOfTwo (88 bytes)
Event: 11.337 Thread 0x000002272db2e800 nmethod 2466 0x000002271b52d510 code [0x000002271b52d860, 0x000002271b52ea08]
Event: 11.337 Thread 0x000002272db2e800 2467       3       io.netty.util.internal.PlatformDependent::hasUnsafe (12 bytes)
Event: 11.337 Thread 0x000002272db2e800 nmethod 2467 0x000002271b52f010 code [0x000002271b52f1c0, 0x000002271b52f2b8]
Event: 11.337 Thread 0x000002272db2e800 2468       3       io.netty.channel.nio.AbstractNioChannel::eventLoop (8 bytes)
Event: 11.338 Thread 0x000002272db2e800 nmethod 2468 0x000002271b52f390 code [0x000002271b52f560, 0x000002271b52f908]
Event: 11.339 Thread 0x000002272db2e800 2469       3       java.lang.invoke.LambdaForm::editor (5 bytes)
Event: 11.340 Thread 0x000002272db2e800 nmethod 2469 0x000002271b52fa10 code [0x000002271b52fbe0, 0x000002271b52ff28]
Event: 11.340 Thread 0x000002272db2e800 2470       3       java.lang.invoke.LambdaFormEditor::lambdaFormEditor (12 bytes)
Event: 11.340 Thread 0x000002272db2e800 nmethod 2470 0x000002271b530090 code [0x000002271b530260, 0x000002271b530508]
Event: 11.340 Thread 0x000002272db2e800 2471       3       java.lang.invoke.LambdaFormEditor::<init> (10 bytes)
Event: 11.340 Thread 0x000002272db2e800 nmethod 2471 0x000002271b530690 code [0x000002271b530840, 0x000002271b530a18]
Event: 11.340 Thread 0x000002272db2e800 2472       3       java.lang.invoke.MethodType::dropParameterTypes (162 bytes)

GC Heap History (8 events):
Event: 0.735 GC heap before
{Heap before GC invocations=0 (full 0):
 garbage-first heap   total 262144K, used 23552K [0x00000000e0000000, 0x0000000100000000)
  region size 1024K, 24 young (24576K), 0 survivors (0K)
 Metaspace       used 5864K, capacity 6965K, committed 7040K, reserved 1056768K
  class space    used 738K, capacity 870K, committed 896K, reserved 1048576K
}
Event: 0.743 GC heap after
{Heap after GC invocations=1 (full 0):
 garbage-first heap   total 262144K, used 6522K [0x00000000e0000000, 0x0000000100000000)
  region size 1024K, 3 young (3072K), 3 survivors (3072K)
 Metaspace       used 5864K, capacity 6965K, committed 7040K, reserved 1056768K
  class space    used 738K, capacity 870K, committed 896K, reserved 1048576K
}
Event: 1.032 GC heap before
{Heap before GC invocations=1 (full 0):
 garbage-first heap   total 262144K, used 22906K [0x00000000e0000000, 0x0000000100000000)
  region size 1024K, 19 young (19456K), 3 survivors (3072K)
 Metaspace       used 9146K, capacity 9805K, committed 9984K, reserved 1058816K
  class space    used 1219K, capacity 1450K, committed 1536K, reserved 1048576K
}
Event: 1.035 GC heap after
{Heap after GC invocations=2 (full 0):
 garbage-first heap   total 262144K, used 7306K [0x00000000e0000000, 0x0000000100000000)
  region size 1024K, 1 young (1024K), 1 survivors (1024K)
 Metaspace       used 9146K, capacity 9805K, committed 9984K, reserved 1058816K
  class space    used 1219K, capacity 1450K, committed 1536K, reserved 1048576K
}
Event: 1.545 GC heap before
{Heap before GC invocations=2 (full 0):
 garbage-first heap   total 262144K, used 57482K [0x00000000e0000000, 0x0000000100000000)
  region size 1024K, 50 young (51200K), 1 survivors (1024K)
 Metaspace       used 15265K, capacity 16040K, committed 16128K, reserved 1062912K
  class space    used 1933K, capacity 2248K, committed 2304K, reserved 1048576K
}
Event: 1.551 GC heap after
{Heap after GC invocations=3 (full 0):
 garbage-first heap   total 262144K, used 14573K [0x00000000e0000000, 0x0000000100000000)
  region size 1024K, 7 young (7168K), 7 survivors (7168K)
 Metaspace       used 15265K, capacity 16040K, committed 16128K, reserved 1062912K
  class space    used 1933K, capacity 2248K, committed 2304K, reserved 1048576K
}
Event: 1.881 GC heap before
{Heap before GC invocations=3 (full 0):
 garbage-first heap   total 262144K, used 50413K [0x00000000e0000000, 0x0000000100000000)
  region size 1024K, 43 young (44032K), 7 survivors (7168K)
 Metaspace       used 20377K, capacity 21185K, committed 21296K, reserved 1067008K
  class space    used 2553K, capacity 2877K, committed 2944K, reserved 1048576K
}
Event: 1.894 GC heap after
{Heap after GC invocations=4 (full 0):
 garbage-first heap   total 262144K, used 16797K [0x00000000e0000000, 0x0000000100000000)
  region size 1024K, 3 young (3072K), 3 survivors (3072K)
 Metaspace       used 20377K, capacity 21185K, committed 21296K, reserved 1067008K
  class space    used 2553K, capacity 2877K, committed 2944K, reserved 1048576K
}

Deoptimization events (20 events):
Event: 1.940 Thread 0x00000227122ca800 Uncommon trap: trap_request=0xffffff4d fr.pc=0x00000227225d4130 relative=0x0000000000000090
Event: 1.940 Thread 0x00000227122ca800 Uncommon trap: reason=unstable_if action=reinterpret pc=0x00000227225d4130 method=java.lang.CharacterDataLatin1.isWhitespace(I)Z @ 14 c2
Event: 1.940 Thread 0x00000227122ca800 DEOPT PACKING pc=0x00000227225d4130 sp=0x0000006edc3fa170
Event: 1.940 Thread 0x00000227122ca800 DEOPT UNPACKING pc=0x000002271aada1af sp=0x0000006edc3fa0e0 mode 2
Event: 2.276 Thread 0x0000022730350000 Uncommon trap: trap_request=0xffffff4d fr.pc=0x00000227225e7174 relative=0x0000000000000054
Event: 2.276 Thread 0x0000022730350000 Uncommon trap: reason=unstable_if action=reinterpret pc=0x00000227225e7174 method=java.lang.CharacterData.of(I)Ljava/lang/CharacterData; @ 15 c2
Event: 2.276 Thread 0x0000022730350000 DEOPT PACKING pc=0x00000227225e7174 sp=0x0000006edd8fdcd0
Event: 2.276 Thread 0x0000022730350000 DEOPT UNPACKING pc=0x000002271aada1af sp=0x0000006edd8fdc58 mode 2
Event: 11.128 Thread 0x00000227122ca800 Uncommon trap: trap_request=0xffffffde fr.pc=0x0000022722671c5c relative=0x000000000000011c
Event: 11.128 Thread 0x00000227122ca800 Uncommon trap: reason=class_check action=maybe_recompile pc=0x0000022722671c5c method=org.openqa.selenium.json.Input.fill()Z @ 85 c2
Event: 11.128 Thread 0x00000227122ca800 DEOPT PACKING pc=0x0000022722671c5c sp=0x0000006edc3f9ee0
Event: 11.128 Thread 0x00000227122ca800 DEOPT UNPACKING pc=0x000002271aada1af sp=0x0000006edc3f9e60 mode 2
Event: 11.302 Thread 0x000002273034e000 Uncommon trap: trap_request=0xffffffcc fr.pc=0x000002272268926c relative=0x00000000000001ac
Event: 11.302 Thread 0x000002273034e000 Uncommon trap: reason=intrinsic_or_type_checked_inlining action=make_not_entrant pc=0x000002272268926c method=java.util.Arrays.copyOf([Ljava/lang/Object;ILjava/lang/Class;)[Ljava/lang/Object; @ 35 c2
Event: 11.302 Thread 0x000002273034e000 DEOPT PACKING pc=0x000002272268926c sp=0x0000006ede1fd990
Event: 11.302 Thread 0x000002273034e000 DEOPT UNPACKING pc=0x000002271aada1af sp=0x0000006ede1fd920 mode 2
Event: 11.309 Thread 0x00000227122ca800 Uncommon trap: trap_request=0xffffffde fr.pc=0x0000022722671c5c relative=0x000000000000011c
Event: 11.309 Thread 0x00000227122ca800 Uncommon trap: reason=class_check action=maybe_recompile pc=0x0000022722671c5c method=org.openqa.selenium.json.Input.fill()Z @ 85 c2
Event: 11.309 Thread 0x00000227122ca800 DEOPT PACKING pc=0x0000022722671c5c sp=0x0000006edc3fa280
Event: 11.309 Thread 0x00000227122ca800 DEOPT UNPACKING pc=0x000002271aada1af sp=0x0000006edc3fa200 mode 2

Classes redefined (0 events):
No events

Internal exceptions (20 events):
Event: 1.367 Thread 0x00000227122ca800 Exception <a 'java/lang/IncompatibleClassChangeError'{0x00000000edcf9ba8}: Found class java.lang.Object, but interface was expected> (0x00000000edcf9ba8) thrown at [s\src\hotspot\share\interpreter\linkResolver.cpp, line 839]
Event: 1.448 Thread 0x00000227122ca800 Exception <a 'java/lang/NoSuchMethodError'{0x00000000ed78f4f8}: 'void java.lang.invoke.DirectMethodHandle$Holder.invokeStatic(java.lang.Object, java.lang.Object, java.lang.Object, java.lang.Object, java.lang.Object, java.lang.Object)'> (0x00000000ed78f4f8) thrown at [s\src\hotspot\share\interpreter\linkResolver.cpp, line 773]
Event: 1.471 Thread 0x00000227122ca800 Exception <a 'java/lang/NoSuchMethodError'{0x00000000ed6b0cc8}: 'java.lang.Object java.lang.invoke.DirectMethodHandle$Holder.invokeInterface(java.lang.Object, java.lang.Object, java.lang.Object, java.lang.Object)'> (0x00000000ed6b0cc8) thrown at [s\src\hotspot\share\interpreter\linkResolver.cpp, line 773]
Event: 1.472 Thread 0x00000227122ca800 Exception <a 'java/lang/NoSuchMethodError'{0x00000000ed6bc378}: 'java.lang.Object java.lang.invoke.DirectMethodHandle$Holder.invokeVirtual(java.lang.Object, java.lang.Object, java.lang.Object, java.lang.Object)'> (0x00000000ed6bc378) thrown at [s\src\hotspot\share\interpreter\linkResolver.cpp, line 773]
Event: 1.584 Thread 0x00000227122ca800 Exception <a 'java/lang/NoClassDefFoundError'{0x00000000efbd8cc8}> (0x00000000efbd8cc8) thrown at [s\src\hotspot\share\oops\instanceKlass.cpp, line 1029]
Event: 1.585 Thread 0x00000227122ca800 Exception <a 'java/lang/NoClassDefFoundError'{0x00000000efa0fe88}: org/apache/logging/log4j/spi/ExtendedLoggerWrapper> (0x00000000efa0fe88) thrown at [s\src\hotspot\share\classfile\systemDictionary.cpp, line 219]
Event: 1.587 Thread 0x00000227122ca800 Exception <a 'java/lang/NoClassDefFoundError'{0x00000000efa43be0}: org/apache/log4j/Priority> (0x00000000efa43be0) thrown at [s\src\hotspot\share\classfile\systemDictionary.cpp, line 219]
Event: 1.787 Thread 0x00000227122ca800 Exception <a 'java/lang/IncompatibleClassChangeError'{0x00000000ee0020f8}: Found class java.lang.Object, but interface was expected> (0x00000000ee0020f8) thrown at [s\src\hotspot\share\interpreter\linkResolver.cpp, line 839]
Event: 1.809 Thread 0x000002272f971800 Exception <a 'java/lang/NoSuchMethodError'{0x00000000ede27ac8}: 'void java.lang.invoke.DirectMethodHandle$Holder.invokeStatic(java.lang.Object, long)'> (0x00000000ede27ac8) thrown at [s\src\hotspot\share\interpreter\linkResolver.cpp, line 773]
Event: 1.810 Thread 0x000002272f971800 Exception <a 'java/lang/NoSuchMethodError'{0x00000000ede2ca38}: 'java.lang.Object java.lang.invoke.DirectMethodHandle$Holder.invokeStatic(java.lang.Object, long)'> (0x00000000ede2ca38) thrown at [s\src\hotspot\share\interpreter\linkResolver.cpp, line 773]
Event: 1.812 Thread 0x000002272f971800 Exception <a 'java/lang/NoSuchMethodError'{0x00000000ede3a810}: 'java.lang.Object java.lang.invoke.DirectMethodHandle$Holder.invokeStaticInit(java.lang.Object, java.lang.Object, long, java.lang.Object)'> (0x00000000ede3a810) thrown at [s\src\hotspot\share\interpreter\linkResolver.cpp, line 773]
Event: 1.812 Thread 0x000002272f971800 Exception <a 'java/lang/NoSuchMethodError'{0x00000000ede40278}: 'java.lang.Object java.lang.invoke.DirectMethodHandle$Holder.invokeStatic(java.lang.Object, java.lang.Object, long)'> (0x00000000ede40278) thrown at [s\src\hotspot\share\interpreter\linkResolver.cpp, line 773]
Event: 1.813 Thread 0x000002272f971800 Exception <a 'java/lang/NoSuchMethodError'{0x00000000ede46548}: 'java.lang.Object java.lang.invoke.Invokers$Holder.linkToTargetMethod(java.lang.Object, long, java.lang.Object)'> (0x00000000ede46548) thrown at [s\src\hotspot\share\interpreter\linkResolver.cpp, line 773]
Event: 1.872 Thread 0x00000227122ca800 Exception <a 'java/lang/NoSuchMethodError'{0x00000000edc7a5e0}: 'double java.lang.invoke.DirectMethodHandle$Holder.invokeVirtual(java.lang.Object, java.lang.Object)'> (0x00000000edc7a5e0) thrown at [s\src\hotspot\share\interpreter\linkResolver.cpp, line 773]
Event: 1.874 Thread 0x00000227122ca800 Exception <a 'java/lang/NoSuchMethodError'{0x00000000edc80de0}: 'float java.lang.invoke.DirectMethodHandle$Holder.invokeVirtual(java.lang.Object, java.lang.Object)'> (0x00000000edc80de0) thrown at [s\src\hotspot\share\interpreter\linkResolver.cpp, line 773]
Event: 1.875 Thread 0x00000227122ca800 Exception <a 'java/lang/NoSuchMethodError'{0x00000000edc89a78}: 'long java.lang.invoke.DirectMethodHandle$Holder.invokeVirtual(java.lang.Object, java.lang.Object)'> (0x00000000edc89a78) thrown at [s\src\hotspot\share\interpreter\linkResolver.cpp, line 773]
Event: 1.924 Thread 0x00000227122ca800 Exception <a 'java/lang/NoSuchMethodError'{0x00000000efeabb70}: 'java.lang.Object java.lang.invoke.Invokers$Holder.linkToTargetMethod(java.lang.Object, int, int, java.lang.Object)'> (0x00000000efeabb70) thrown at [s\src\hotspot\share\interpreter\linkResolver.cpp, line 773]
Event: 1.926 Thread 0x00000227122ca800 Exception <a 'java/lang/NoSuchMethodError'{0x00000000efeaf560}: 'void java.lang.invoke.DirectMethodHandle$Holder.invokeStatic(java.lang.Object, java.lang.Object, int)'> (0x00000000efeaf560) thrown at [s\src\hotspot\share\interpreter\linkResolver.cpp, line 773]
Event: 1.978 Thread 0x00000227122ca800 Exception <a 'java/lang/NoSuchMethodError'{0x00000000efa92208}: 'int java.lang.invoke.DirectMethodHandle$Holder.invokeSpecialIFC(java.lang.Object, java.lang.Object, java.lang.Object)'> (0x00000000efa92208) thrown at [s\src\hotspot\share\interpreter\linkResolver.cpp, line 773]
Event: 11.154 Thread 0x00000227122ca800 Exception <a 'java/lang/NoSuchMethodError'{0x00000000ee045148}: 'java.lang.Object java.lang.invoke.DirectMethodHandle$Holder.invokeSpecialIFC(java.lang.Object, java.lang.Object, java.lang.Object)'> (0x00000000ee045148) thrown at [s\src\hotspot\share\interpreter\linkResolver.cpp, line 773]

Events (20 events):
Event: 11.328 Executing VM operation: RevokeBias done
Event: 11.329 Executing VM operation: RevokeBias
Event: 11.329 Executing VM operation: RevokeBias done
Event: 11.330 Executing VM operation: RevokeBias
Event: 11.331 Executing VM operation: RevokeBias done
Event: 11.331 Executing VM operation: RevokeBias
Event: 11.331 loading class org/asynchttpclient/netty/ws/NettyWebSocket
Event: 11.331 loading class org/asynchttpclient/netty/ws/NettyWebSocket done
Event: 11.331 Executing VM operation: RevokeBias done
Event: 11.332 Executing VM operation: RevokeBias
Event: 11.332 Executing VM operation: RevokeBias done
Event: 11.333 Executing VM operation: RevokeBias
Event: 11.334 Executing VM operation: RevokeBias done
Event: 11.334 loading class java/util/concurrent/CompletableFuture$UniExceptionally
Event: 11.335 loading class java/util/concurrent/CompletableFuture$UniCompletion
Event: 11.335 loading class java/util/concurrent/CompletableFuture$UniCompletion done
Event: 11.335 loading class java/util/concurrent/CompletableFuture$UniExceptionally done
Event: 11.336 Executing VM operation: RevokeBias
Event: 11.337 Executing VM operation: RevokeBias done
Event: 11.341 Executing VM operation: RevokeBias


Dynamic libraries:
0x00007ff7e9450000 - 0x00007ff7e945e000 	C:\Users\Lime\.jdks\ms-11.0.30\bin\java.exe
0x00007ff9cedd0000 - 0x00007ff9cefc8000 	C:\WINDOWS\SYSTEM32\ntdll.dll
0x00007ff9ceb20000 - 0x00007ff9cebe2000 	C:\WINDOWS\System32\KERNEL32.DLL
0x00007ff9cc460000 - 0x00007ff9cc756000 	C:\WINDOWS\System32\KERNELBASE.dll
0x00007ff9cccf0000 - 0x00007ff9ccdf0000 	C:\WINDOWS\System32\ucrtbase.dll
0x00007ff9b18a0000 - 0x00007ff9b18be000 	C:\Users\Lime\.jdks\ms-11.0.30\bin\VCRUNTIME140.dll
0x00007ff9b01a0000 - 0x00007ff9b01b8000 	C:\Users\Lime\.jdks\ms-11.0.30\bin\jli.dll
0x00007ff9ce970000 - 0x00007ff9ceb11000 	C:\WINDOWS\System32\USER32.dll
0x00007ff9cc940000 - 0x00007ff9cc962000 	C:\WINDOWS\System32\win32u.dll
0x00007ff9b7fc0000 - 0x00007ff9b825b000 	C:\WINDOWS\WinSxS\amd64_microsoft.windows.common-controls_6595b64144ccf1df_6.0.19041.6456_none_60b8a6cb71f64256\COMCTL32.dll
0x00007ff9ccfb0000 - 0x00007ff9ccfdb000 	C:\WINDOWS\System32\GDI32.dll
0x00007ff9cecf0000 - 0x00007ff9ced8e000 	C:\WINDOWS\System32\msvcrt.dll
0x00007ff9ccb30000 - 0x00007ff9ccc49000 	C:\WINDOWS\System32\gdi32full.dll
0x00007ff9ccc50000 - 0x00007ff9ccced000 	C:\WINDOWS\System32\msvcp_win.dll
0x00007ff9ccfe0000 - 0x00007ff9cd00f000 	C:\WINDOWS\System32\IMM32.DLL
0x00007ff9c95b0000 - 0x00007ff9c95bc000 	C:\Users\Lime\.jdks\ms-11.0.30\bin\vcruntime140_1.dll
0x00007ff9a5ee0000 - 0x00007ff9a5f6d000 	C:\Users\Lime\.jdks\ms-11.0.30\bin\msvcp140.dll
0x00007ff942c00000 - 0x00007ff9437d6000 	C:\Users\Lime\.jdks\ms-11.0.30\bin\server\jvm.dll
0x00007ff9ce8b0000 - 0x00007ff9ce961000 	C:\WINDOWS\System32\ADVAPI32.dll
0x00007ff9cec50000 - 0x00007ff9cecef000 	C:\WINDOWS\System32\sechost.dll
0x00007ff9cde30000 - 0x00007ff9cdf50000 	C:\WINDOWS\System32\RPCRT4.dll
0x00007ff9cc7b0000 - 0x00007ff9cc7d7000 	C:\WINDOWS\System32\bcrypt.dll
0x00007ff9cd7e0000 - 0x00007ff9cd84b000 	C:\WINDOWS\System32\WS2_32.dll
0x00007ff9c6f80000 - 0x00007ff9c6f8a000 	C:\WINDOWS\SYSTEM32\VERSION.dll
0x00007ff9b82e0000 - 0x00007ff9b8307000 	C:\WINDOWS\SYSTEM32\WINMM.dll
0x00007ff9ca0d0000 - 0x00007ff9ca0e2000 	C:\WINDOWS\SYSTEM32\kernel.appcore.dll
0x00007ff9b8f60000 - 0x00007ff9b8f70000 	C:\Users\Lime\.jdks\ms-11.0.30\bin\verify.dll
0x00007ff9c3db0000 - 0x00007ff9c3fb1000 	C:\WINDOWS\SYSTEM32\DBGHELP.DLL
0x00007ff9b0860000 - 0x00007ff9b0894000 	C:\WINDOWS\SYSTEM32\dbgcore.DLL
0x00007ff9cc9f0000 - 0x00007ff9cca72000 	C:\WINDOWS\System32\bcryptPrimitives.dll
0x00007ff9afa60000 - 0x00007ff9afa8a000 	C:\Users\Lime\.jdks\ms-11.0.30\bin\java.dll
0x00007ff9b5800000 - 0x00007ff9b580a000 	C:\Users\Lime\.jdks\ms-11.0.30\bin\jimage.dll
0x00007ff9afa40000 - 0x00007ff9afa58000 	C:\Users\Lime\.jdks\ms-11.0.30\bin\zip.dll
0x00007ff9cd010000 - 0x00007ff9cd780000 	C:\WINDOWS\System32\SHELL32.dll
0x00007ff9ca2d0000 - 0x00007ff9caa75000 	C:\WINDOWS\SYSTEM32\windows.storage.dll
0x00007ff9ce0e0000 - 0x00007ff9ce434000 	C:\WINDOWS\System32\combase.dll
0x00007ff9cbcd0000 - 0x00007ff9cbcfb000 	C:\WINDOWS\SYSTEM32\Wldp.dll
0x00007ff9cdb40000 - 0x00007ff9cdc0d000 	C:\WINDOWS\System32\OLEAUT32.dll
0x00007ff9cd8d0000 - 0x00007ff9cd97d000 	C:\WINDOWS\System32\SHCORE.dll
0x00007ff9cd780000 - 0x00007ff9cd7db000 	C:\WINDOWS\System32\shlwapi.dll
0x00007ff9cc390000 - 0x00007ff9cc3b4000 	C:\WINDOWS\SYSTEM32\profapi.dll
0x00007ff9afa20000 - 0x00007ff9afa3b000 	C:\Users\Lime\.jdks\ms-11.0.30\bin\net.dll
0x00007ff9c6530000 - 0x00007ff9c663a000 	C:\WINDOWS\SYSTEM32\WINHTTP.dll
0x00007ff9cbab0000 - 0x00007ff9cbb1a000 	C:\WINDOWS\system32\mswsock.dll
0x00007ff9af9c0000 - 0x00007ff9af9d3000 	C:\Users\Lime\.jdks\ms-11.0.30\bin\nio.dll
0x00007ff9cbd10000 - 0x00007ff9cbd28000 	C:\WINDOWS\SYSTEM32\CRYPTSP.dll
0x00007ff9cb3f0000 - 0x00007ff9cb428000 	C:\WINDOWS\system32\rsaenh.dll
0x00007ff9cc310000 - 0x00007ff9cc33e000 	C:\WINDOWS\SYSTEM32\USERENV.dll
0x00007ff9cbc40000 - 0x00007ff9cbc4c000 	C:\WINDOWS\SYSTEM32\CRYPTBASE.dll
0x00007ff9cb7b0000 - 0x00007ff9cb7eb000 	C:\WINDOWS\SYSTEM32\IPHLPAPI.DLL
0x00007ff9cdd40000 - 0x00007ff9cdd48000 	C:\WINDOWS\System32\NSI.dll
0x00007ff9c7b00000 - 0x00007ff9c7b17000 	C:\WINDOWS\SYSTEM32\dhcpcsvc6.DLL
0x00007ff9c78a0000 - 0x00007ff9c78bd000 	C:\WINDOWS\SYSTEM32\dhcpcsvc.DLL
0x00007ff9cb7f0000 - 0x00007ff9cb8ba000 	C:\WINDOWS\SYSTEM32\DNSAPI.dll
0x00007ff9b48e0000 - 0x00007ff9b4907000 	C:\Users\Lime\.jdks\ms-11.0.30\bin\sunec.dll
0x00007ff9c09e0000 - 0x00007ff9c09f7000 	C:\WINDOWS\system32\napinsp.dll
0x00007ff9c0a00000 - 0x00007ff9c0a1b000 	C:\WINDOWS\system32\pnrpnsp.dll
0x00007ff9c9320000 - 0x00007ff9c933d000 	C:\WINDOWS\system32\NLAapi.dll
0x00007ff9c0aa0000 - 0x00007ff9c0ab2000 	C:\WINDOWS\System32\winrnr.dll
0x00007ff9c0ac0000 - 0x00007ff9c0add000 	C:\WINDOWS\system32\wshbth.dll
0x00007ff9c6af0000 - 0x00007ff9c6afa000 	C:\Windows\System32\rasadhlp.dll
0x00007ff9c7b20000 - 0x00007ff9c7ba0000 	C:\WINDOWS\System32\fwpuclnt.dll
0x00007ff9b4ae0000 - 0x00007ff9b4aea000 	C:\Users\Lime\.jdks\ms-11.0.30\bin\management.dll
0x00007ff9b4a00000 - 0x00007ff9b4a0c000 	C:\Users\Lime\.jdks\ms-11.0.30\bin\management_ext.dll
0x00007ff9ccfa0000 - 0x00007ff9ccfa8000 	C:\WINDOWS\System32\PSAPI.DLL

dbghelp: loaded successfully - version: 4.0.5 - missing functions: none
symbol engine: initialized successfully - sym options: 0x614 - pdb path: .;C:\Users\Lime\.jdks\ms-11.0.30\bin;C:\WINDOWS\SYSTEM32;C:\WINDOWS\WinSxS\amd64_microsoft.windows.common-controls_6595b64144ccf1df_6.0.19041.6456_none_60b8a6cb71f64256;C:\Users\Lime\.jdks\ms-11.0.30\bin\server

VM Arguments:
jvm_args: -Dorg.gradle.internal.worker.tmpdir=C:\Users\Lime\IdeaProjects\BuyWidgetLime\build\tmp\test\work -Dorg.gradle.native=false -Xmx512m -Dfile.encoding=windows-1251 -Duser.country -Duser.language=en -Duser.variant -ea 
java_command: worker.org.gradle.process.internal.worker.GradleWorkerMain 'Gradle Test Executor 57'
java_class_path (initial): C:\\Users\\Lime\\.gradle\\caches\\8.5\\workerMain\\gradle-worker.jar;C:\\Users\\Lime\\IdeaProjects\\BuyWidgetLime\\build\\classes\\java\\test;C:\\Users\\Lime\\.gradle\\caches\\modules-2\\files-2.1\\org.junit.platform\\junit-platform-engine\\1.10.0\\276c4edcf64fabb5a139fa7b4f99330d7a93b804\\junit-platform-engine-1.10.0.jar;C:\\Users\\Lime\\.gradle\\caches\\modules-2\\files-2.1\\org.junit.platform\\junit-platform-commons\\1.10.0\\d533ff2c286eaf963566f92baf5f8a06628d2609\\junit-platform-commons-1.10.0.jar;C:\\Users\\Lime\\.gradle\\caches\\modules-2\\files-2.1\\org.junit.jupiter\\junit-jupiter-engine\\5.10.0\\90587932d718fc51a48112d33045a18476c542ad\\junit-jupiter-engine-5.10.0.jar;C:\\Users\\Lime\\.gradle\\caches\\modules-2\\files-2.1\\org.junit.jupiter\\junit-jupiter-api\\5.10.0\\2fe4ba3d31d5067878e468c96aa039005a9134d3\\junit-jupiter-api-5.10.0.jar;C:\\Users\\Lime\\.gradle\\caches\\modules-2\\files-2.1\\com.codeborne\\selenide\\6.19.1\\286edcfef9fbac630b75d8e0220c144e40e6d008\\selenide-6.19.1.jar;C:\\Users\\Lime\\.gradle\\caches\\modules-2\\files-2.1\\io.github.bonigarcia\\webdrivermanager\\5.9.2\\61d2d9413ab230f401d2e9aac3bca0baf02b143c\\webdrivermanager-5.9.2.jar;C:\\Users\\Lime\\.gradle\\caches\\modules-2\\files-2.1\\com.codeborne\\selenide-core\\6.19.1\\308e55c332289f9d9cfe6e5cd778ab0848721c5b\\selenide-core-6.19.1.jar;C:\\Users\\Lime\\.gradle\\caches\\modules-2\\files-2.1\\org.opentest4j\\opentest4j\\1.3.0\\152ea56b3a72f655d4fd677fc0ef2596c3dd5e6e\\opentest4j-1.3.0.jar;C:\\Users\\Lime\\.gradle\\caches\\modules-2\\files-2.1\\org.seleniumhq.selenium\\selenium-java\\4.13.0\\18cef0adbc08d152da07b234a04f6e8240ce215f\\selenium-java-4.13.0.jar;C:\\Users\\Lime\\.gradle\\caches\\modules-2\\files-2.1\\org.seleniumhq.selenium\\selenium-chrome-driver\\4.13.0\\490603c4c79f938ffaf30058a675d850d9717265\\selenium-chrome-driver-4.13.0.jar;C:\\Users\\Lime\\.gradle\\caches\\modules-2\\files-2.1\\org.seleniumhq.selenium\\selenium-devtools-v115\\4.13.0\\
Launcher Type: SUN_STANDARD

[Global flags]
     intx CICompilerCount                          = 4                                         {product} {ergonomic}
     uint ConcGCThreads                            = 2                                         {product} {ergonomic}
     uint G1ConcRefinementThreads                  = 8                                         {product} {ergonomic}
   size_t G1HeapRegionSize                         = 1048576                                   {product} {ergonomic}
    uintx GCDrainStackTargetSize                   = 64                                        {product} {ergonomic}
   size_t InitialHeapSize                          = 268435456                                 {product} {ergonomic}
   size_t MarkStackSize                            = 4194304                                   {product} {ergonomic}
   size_t MaxHeapSize                              = 536870912                                 {product} {command line}
   size_t MaxNewSize                               = 321912832                                 {product} {ergonomic}
   size_t MinHeapDeltaBytes                        = 1048576                                   {product} {ergonomic}
    uintx NonNMethodCodeHeapSize                   = 5836300                                {pd product} {ergonomic}
    uintx NonProfiledCodeHeapSize                  = 122910970                              {pd product} {ergonomic}
    uintx ProfiledCodeHeapSize                     = 122910970                              {pd product} {ergonomic}
    uintx ReservedCodeCacheSize                    = 251658240                              {pd product} {ergonomic}
     bool SegmentedCodeCache                       = true                                      {product} {ergonomic}
     bool UseCompressedClassPointers               = true                                 {lp64_product} {ergonomic}
     bool UseCompressedOops                        = true                                 {lp64_product} {ergonomic}
     bool UseG1GC                                  = true                                      {product} {ergonomic}
     bool UseLargePagesIndividualAllocation        = false                                  {pd product} {ergonomic}

Logging:
Log output configuration:
 #0: stdout all=warning uptime,level,tags
 #1: stderr all=off uptime,level,tags

Environment Variables:
JAVA_HOME=C:\Users\Lime\.jdks\temurin-17.0.17
PATH=C:\Program Files\Eclipse Adoptium\jdk-11.0.29.7-hotspot\bin;C:\Program Files (x86)\Common Files\Oracle\Java\java8path;C:\Program Files (x86)\Common Files\Oracle\Java\javapath;C:\WINDOWS\system32;C:\WINDOWS;C:\WINDOWS\System32\Wbem;C:\WINDOWS\System32\WindowsPowerShell\v1.0\;C:\WINDOWS\System32\OpenSSH\;C:\Program Files (x86)\dotnet\;C:\Program Files\Git\cmd;C:\Program Files\Git LFS;C:\Program Files\Docker\Docker\resources\bin;C:\Program Files\dotnet\;C:\Program Files (x86)\Windows Kits\10\Windows Performance Toolkit\;C:\Program Files\nodejs\;C:\Users\Lime\AppData\Local\Android\Sdk\platform-tools;C:\Users\Lime\AppData\Local\Microsoft\WindowsApps;C:\Users\Lime\AppData\Local\Programs\Fiddler;C:\Users\Lime\AppData\Roaming\npm
USERNAME=Lime
OS=Windows_NT
PROCESSOR_IDENTIFIER=Intel64 Family 6 Model 158 Stepping 9, GenuineIntel
TMP=C:\Users\Lime\AppData\Local\Temp
TEMP=C:\Users\Lime\AppData\Local\Temp



---------------  S Y S T E M  ---------------

OS: Windows 10 , 64 bit Build 19041 (10.0.19041.5915)
OS uptime: 11 days 0:20 hours
Hyper-V role detected

CPU:total 8 (initial active 8) (4 cores per cpu, 2 threads per core) family 6 model 158 stepping 9 microcode 0xb4, cmov, cx8, fxsr, mmx, sse, sse2, sse3, ssse3, sse4.1, sse4.2, popcnt, avx, avx2, aes, clmul, erms, rtm, 3dnowpref, lzcnt, ht, tsc, tscinvbit, bmi1, bmi2, adx, fma

Memory: 4k page, system-wide physical 16299M (2298M free)
TotalPageFile size 19738M (AvailPageFile size 10M)
current process WorkingSet (physical memory assigned to process): 187M, peak: 196M
current process commit charge ("private bytes"): 406M, peak: 410M

vm_info: OpenJDK 64-Bit Server VM (11.0.30+7-LTS) for windows-amd64 JRE (11.0.30+7-LTS), built on Jan 14 2026 18:06:18 by "MicrosoftCorporation" with unknown MS VC++:1943

END.
