#
# There is insufficient memory for the Java Runtime Environment to continue.
# Native memory allocation (mmap) failed to map 268435456 bytes for Failed to commit area from 0x00000000e0000000 to 0x00000000f0000000 of length 268435456.
# Possible reasons:
#   The system is out of physical RAM or swap space
#   The process is running with CompressedOops enabled, and the Java Heap may be blocking the growth of the native heap
# Possible solutions:
#   Reduce memory load on the system
#   Increase physical memory or swap space
#   Check if swap backing store is full
#   Decrease Java heap size (-Xmx/-Xms)
#   Decrease number of Java threads
#   Decrease Java thread stack sizes (-Xss)
#   Set larger code cache with -XX:ReservedCodeCacheSize=
# This output file may be truncated or incomplete.
#
#  Out of Memory Error (os_windows.cpp:3450), pid=28452, tid=5456
#
# JRE version:  (11.0.30+7) (build )
# Java VM: OpenJDK 64-Bit Server VM (11.0.30+7-LTS, mixed mode, sharing, tiered, compressed oops, g1 gc, windows-amd64)
# No core dump will be written. Minidumps are not enabled by default on client versions of Windows
#

---------------  S U M M A R Y ------------

Command Line: -Dorg.gradle.internal.worker.tmpdir=C:\Users\Lime\IdeaProjects\BuyWidgetLime\build\tmp\test\work -Dorg.gradle.native=false -Xmx512m -Dfile.encoding=windows-1251 -Duser.country -Duser.language=en -Duser.variant -ea worker.org.gradle.process.internal.worker.GradleWorkerMain 'Gradle Test Executor 54'

Host: Intel(R) Core(TM) i7-7700 CPU @ 3.60GHz, 8 cores, 15G,  Windows 10 , 64 bit Build 19041 (10.0.19041.5915)
Time: Mon Apr 13 15:11:00 2026 RTZ 4 (s 10 , 64 bit Build 19041 (10.0.19041.5915) elapsed time: 0.009996 seconds (0d 0h 0m 0s)

---------------  T H R E A D  ---------------

Current thread (0x0000022f2824b000):  JavaThread "Unknown thread" [_thread_in_vm, id=5456, stack(0x000000b49cb00000,0x000000b49cc00000)]

Stack: [0x000000b49cb00000,0x000000b49cc00000]
Native frames: (J=compiled Java code, j=interpreted, Vv=VM code, C=native code)
V  [jvm.dll+0x65984a]
V  [jvm.dll+0x7eb8e8]
V  [jvm.dll+0x7ecfd9]
V  [jvm.dll+0x7ed6e3]
V  [jvm.dll+0x26d045]
V  [jvm.dll+0x656c19]
V  [jvm.dll+0x64aa05]
V  [jvm.dll+0x3342de]
V  [jvm.dll+0x334162]
V  [jvm.dll+0x338d06]
V  [jvm.dll+0x37e217]
V  [jvm.dll+0x37dc82]
V  [jvm.dll+0x30f138]
V  [jvm.dll+0x310236]
V  [jvm.dll+0x7c57bd]
V  [jvm.dll+0x7c6f4f]
V  [jvm.dll+0x38b5e9]
V  [jvm.dll+0x7a6fa0]
V  [jvm.dll+0x3fb367]
V  [jvm.dll+0x3fd871]
C  [jli.dll+0x5358]
C  [ucrtbase.dll+0x21bb2]
C  [KERNEL32.DLL+0x17374]
C  [ntdll.dll+0x4cc91]


---------------  P R O C E S S  ---------------

Threads class SMR info:
_java_thread_list=0x0000022f25ef7220, length=0, elements={
}

Java Threads: ( => current thread )

Other Threads:
  0x0000022f2825f800 GCTaskThread "GC Thread#0" [stack: 0x000000b49cc00000,0x000000b49cd00000] [id=22868]
  0x0000022f28272800 ConcurrentGCThread "G1 Main Marker" [stack: 0x000000b49cd00000,0x000000b49ce00000] [id=19084]
  0x0000022f28274000 ConcurrentGCThread "G1 Conc#0" [stack: 0x000000b49ce00000,0x000000b49cf00000] [id=8368]

[error occurred during error reporting (printing all threads), id 0xc0000005, EXCEPTION_ACCESS_VIOLATION (0xc0000005) at pc=0x00007ff942f201d7]

VM state:not at safepoint (not fully initialized)

VM Mutex/Monitor currently owned by a thread:  ([mutex/lock_event])
[0x0000022f28247bd0] Heap_lock - owner thread: 0x0000022f2824b000

Heap address: 0x00000000e0000000, size: 512 MB, Compressed Oops mode: Non-zero based: 0x00000000e0000000
Narrow klass base: 0x0000000000000000, Narrow klass shift: 0

GC Heap History (0 events):
No events

Deoptimization events (0 events):
No events

Classes redefined (0 events):
No events

Internal exceptions (0 events):
No events

Events (1 events):
Event: 0.005 Loaded shared library C:\Users\Lime\.jdks\ms-11.0.30\bin\zip.dll


Dynamic libraries:
0x00007ff7e9450000 - 0x00007ff7e945e000 	C:\Users\Lime\.jdks\ms-11.0.30\bin\java.exe
0x00007ff9cedd0000 - 0x00007ff9cefc8000 	C:\WINDOWS\SYSTEM32\ntdll.dll
0x00007ff9ceb20000 - 0x00007ff9cebe2000 	C:\WINDOWS\System32\KERNEL32.DLL
0x00007ff9cc460000 - 0x00007ff9cc756000 	C:\WINDOWS\System32\KERNELBASE.dll
0x00007ff9cccf0000 - 0x00007ff9ccdf0000 	C:\WINDOWS\System32\ucrtbase.dll
0x00007ff9b01a0000 - 0x00007ff9b01b8000 	C:\Users\Lime\.jdks\ms-11.0.30\bin\jli.dll
0x00007ff9b18a0000 - 0x00007ff9b18be000 	C:\Users\Lime\.jdks\ms-11.0.30\bin\VCRUNTIME140.dll
0x00007ff9ce970000 - 0x00007ff9ceb11000 	C:\WINDOWS\System32\USER32.dll
0x00007ff9b7fc0000 - 0x00007ff9b825b000 	C:\WINDOWS\WinSxS\amd64_microsoft.windows.common-controls_6595b64144ccf1df_6.0.19041.6456_none_60b8a6cb71f64256\COMCTL32.dll
0x00007ff9cc940000 - 0x00007ff9cc962000 	C:\WINDOWS\System32\win32u.dll
0x00007ff9ccfb0000 - 0x00007ff9ccfdb000 	C:\WINDOWS\System32\GDI32.dll
0x00007ff9cecf0000 - 0x00007ff9ced8e000 	C:\WINDOWS\System32\msvcrt.dll
0x00007ff9ccb30000 - 0x00007ff9ccc49000 	C:\WINDOWS\System32\gdi32full.dll
0x00007ff9ccc50000 - 0x00007ff9ccced000 	C:\WINDOWS\System32\msvcp_win.dll
0x00007ff9ccfe0000 - 0x00007ff9cd00f000 	C:\WINDOWS\System32\IMM32.DLL
0x00007ff9c95b0000 - 0x00007ff9c95bc000 	C:\Users\Lime\.jdks\ms-11.0.30\bin\vcruntime140_1.dll
0x00007ff9a5ee0000 - 0x00007ff9a5f6d000 	C:\Users\Lime\.jdks\ms-11.0.30\bin\msvcp140.dll
0x00007ff942c00000 - 0x00007ff9437d6000 	C:\Users\Lime\.jdks\ms-11.0.30\bin\server\jvm.dll
0x00007ff9ce8b0000 - 0x00007ff9ce961000 	C:\WINDOWS\System32\ADVAPI32.dll
0x00007ff9cec50000 - 0x00007ff9cecef000 	C:\WINDOWS\System32\sechost.dll
0x00007ff9cde30000 - 0x00007ff9cdf50000 	C:\WINDOWS\System32\RPCRT4.dll
0x00007ff9cc7b0000 - 0x00007ff9cc7d7000 	C:\WINDOWS\System32\bcrypt.dll
0x00007ff9cd7e0000 - 0x00007ff9cd84b000 	C:\WINDOWS\System32\WS2_32.dll
0x00007ff9b82e0000 - 0x00007ff9b8307000 	C:\WINDOWS\SYSTEM32\WINMM.dll
0x00007ff9c6f80000 - 0x00007ff9c6f8a000 	C:\WINDOWS\SYSTEM32\VERSION.dll
0x00007ff9ca0d0000 - 0x00007ff9ca0e2000 	C:\WINDOWS\SYSTEM32\kernel.appcore.dll
0x00007ff9b8f60000 - 0x00007ff9b8f70000 	C:\Users\Lime\.jdks\ms-11.0.30\bin\verify.dll
0x00007ff9c3db0000 - 0x00007ff9c3fb1000 	C:\WINDOWS\SYSTEM32\DBGHELP.DLL
0x00007ff9b0860000 - 0x00007ff9b0894000 	C:\WINDOWS\SYSTEM32\dbgcore.DLL
0x00007ff9cc9f0000 - 0x00007ff9cca72000 	C:\WINDOWS\System32\bcryptPrimitives.dll
0x00007ff9afa60000 - 0x00007ff9afa8a000 	C:\Users\Lime\.jdks\ms-11.0.30\bin\java.dll
0x00007ff9b5800000 - 0x00007ff9b580a000 	C:\Users\Lime\.jdks\ms-11.0.30\bin\jimage.dll
0x00007ff9afa40000 - 0x00007ff9afa58000 	C:\Users\Lime\.jdks\ms-11.0.30\bin\zip.dll

dbghelp: loaded successfully - version: 4.0.5 - missing functions: none
symbol engine: initialized successfully - sym options: 0x614 - pdb path: .;C:\Users\Lime\.jdks\ms-11.0.30\bin;C:\WINDOWS\SYSTEM32;C:\WINDOWS\WinSxS\amd64_microsoft.windows.common-controls_6595b64144ccf1df_6.0.19041.6456_none_60b8a6cb71f64256;C:\Users\Lime\.jdks\ms-11.0.30\bin\server

VM Arguments:
jvm_args: -Dorg.gradle.internal.worker.tmpdir=C:\Users\Lime\IdeaProjects\BuyWidgetLime\build\tmp\test\work -Dorg.gradle.native=false -Xmx512m -Dfile.encoding=windows-1251 -Duser.country -Duser.language=en -Duser.variant -ea 
java_command: worker.org.gradle.process.internal.worker.GradleWorkerMain 'Gradle Test Executor 54'
java_class_path (initial): C:\\Users\\Lime\\.gradle\\caches\\8.5\\workerMain\\gradle-worker.jar;C:\\Users\\Lime\\IdeaProjects\\BuyWidgetLime\\build\\classes\\java\\test;C:\\Users\\Lime\\.gradle\\caches\\modules-2\\files-2.1\\org.junit.platform\\junit-platform-engine\\1.10.0\\276c4edcf64fabb5a139fa7b4f99330d7a93b804\\junit-platform-engine-1.10.0.jar;C:\\Users\\Lime\\.gradle\\caches\\modules-2\\files-2.1\\org.junit.platform\\junit-platform-commons\\1.10.0\\d533ff2c286eaf963566f92baf5f8a06628d2609\\junit-platform-commons-1.10.0.jar;C:\\Users\\Lime\\.gradle\\caches\\modules-2\\files-2.1\\org.junit.jupiter\\junit-jupiter-engine\\5.10.0\\90587932d718fc51a48112d33045a18476c542ad\\junit-jupiter-engine-5.10.0.jar;C:\\Users\\Lime\\.gradle\\caches\\modules-2\\files-2.1\\org.junit.jupiter\\junit-jupiter-api\\5.10.0\\2fe4ba3d31d5067878e468c96aa039005a9134d3\\junit-jupiter-api-5.10.0.jar;C:\\Users\\Lime\\.gradle\\caches\\modules-2\\files-2.1\\com.codeborne\\selenide\\6.19.1\\286edcfef9fbac630b75d8e0220c144e40e6d008\\selenide-6.19.1.jar;C:\\Users\\Lime\\.gradle\\caches\\modules-2\\files-2.1\\io.github.bonigarcia\\webdrivermanager\\5.9.2\\61d2d9413ab230f401d2e9aac3bca0baf02b143c\\webdrivermanager-5.9.2.jar;C:\\Users\\Lime\\.gradle\\caches\\modules-2\\files-2.1\\com.codeborne\\selenide-core\\6.19.1\\308e55c332289f9d9cfe6e5cd778ab0848721c5b\\selenide-core-6.19.1.jar;C:\\Users\\Lime\\.gradle\\caches\\modules-2\\files-2.1\\org.opentest4j\\opentest4j\\1.3.0\\152ea56b3a72f655d4fd677fc0ef2596c3dd5e6e\\opentest4j-1.3.0.jar;C:\\Users\\Lime\\.gradle\\caches\\modules-2\\files-2.1\\org.seleniumhq.selenium\\selenium-java\\4.13.0\\18cef0adbc08d152da07b234a04f6e8240ce215f\\selenium-java-4.13.0.jar;C:\\Users\\Lime\\.gradle\\caches\\modules-2\\files-2.1\\org.seleniumhq.selenium\\selenium-chrome-driver\\4.13.0\\490603c4c79f938ffaf30058a675d850d9717265\\selenium-chrome-driver-4.13.0.jar;C:\\Users\\Lime\\.gradle\\caches\\modules-2\\files-2.1\\org.seleniumhq.selenium\\selenium-devtools-v115\\4.13.0\\
Launcher Type: SUN_STANDARD

[Global flags]
     intx CICompilerCount                          = 4                                         {product} {ergonomic}
     uint ConcGCThreads                            = 2                                         {product} {ergonomic}
     uint G1ConcRefinementThreads                  = 8                                         {product} {ergonomic}
   size_t G1HeapRegionSize                         = 1048576                                   {product} {ergonomic}
    uintx GCDrainStackTargetSize                   = 64                                        {product} {ergonomic}
   size_t InitialHeapSize                          = 268435456                                 {product} {ergonomic}
   size_t MarkStackSize                            = 4194304                                   {product} {ergonomic}
   size_t MaxHeapSize                              = 536870912                                 {product} {command line}
   size_t MinHeapDeltaBytes                        = 1048576                                   {product} {ergonomic}
    uintx NonNMethodCodeHeapSize                   = 5836300                                {pd product} {ergonomic}
    uintx NonProfiledCodeHeapSize                  = 122910970                              {pd product} {ergonomic}
    uintx ProfiledCodeHeapSize                     = 122910970                              {pd product} {ergonomic}
    uintx ReservedCodeCacheSize                    = 251658240                              {pd product} {ergonomic}
     bool SegmentedCodeCache                       = true                                      {product} {ergonomic}
     bool UseCompressedClassPointers               = true                                 {lp64_product} {ergonomic}
     bool UseCompressedOops                        = true                                 {lp64_product} {ergonomic}
     bool UseG1GC                                  = true                                      {product} {ergonomic}
     bool UseLargePagesIndividualAllocation        = false                                  {pd product} {ergonomic}

Logging:
Log output configuration:
 #0: stdout all=warning uptime,level,tags
 #1: stderr all=off uptime,level,tags

Environment Variables:
JAVA_HOME=C:\Users\Lime\.jdks\temurin-17.0.17
PATH=C:\Program Files\Eclipse Adoptium\jdk-11.0.29.7-hotspot\bin;C:\Program Files (x86)\Common Files\Oracle\Java\java8path;C:\Program Files (x86)\Common Files\Oracle\Java\javapath;C:\WINDOWS\system32;C:\WINDOWS;C:\WINDOWS\System32\Wbem;C:\WINDOWS\System32\WindowsPowerShell\v1.0\;C:\WINDOWS\System32\OpenSSH\;C:\Program Files (x86)\dotnet\;C:\Program Files\Git\cmd;C:\Program Files\Git LFS;C:\Program Files\Docker\Docker\resources\bin;C:\Program Files\dotnet\;C:\Program Files (x86)\Windows Kits\10\Windows Performance Toolkit\;C:\Program Files\nodejs\;C:\Users\Lime\AppData\Local\Android\Sdk\platform-tools;C:\Users\Lime\AppData\Local\Microsoft\WindowsApps;C:\Users\Lime\AppData\Local\Programs\Fiddler;C:\Users\Lime\AppData\Roaming\npm
USERNAME=Lime
OS=Windows_NT
PROCESSOR_IDENTIFIER=Intel64 Family 6 Model 158 Stepping 9, GenuineIntel
TMP=C:\Users\Lime\AppData\Local\Temp
TEMP=C:\Users\Lime\AppData\Local\Temp



---------------  S Y S T E M  ---------------

OS: Windows 10 , 64 bit Build 19041 (10.0.19041.5915)
OS uptime: 11 days 0:10 hours
Hyper-V role detected

CPU:total 8 (initial active 8) (4 cores per cpu, 2 threads per core) family 6 model 158 stepping 9 microcode 0xb4, cmov, cx8, fxsr, mmx, sse, sse2, sse3, ssse3, sse4.1, sse4.2, popcnt, avx, avx2, aes, clmul, erms, rtm, 3dnowpref, lzcnt, ht, tsc, tscinvbit, bmi1, bmi2, adx, fma

Memory: 4k page, system-wide physical 16299M (2747M free)
TotalPageFile size 19738M (AvailPageFile size 176M)
current process WorkingSet (physical memory assigned to process): 10M, peak: 10M
current process commit charge ("private bytes"): 59M, peak: 315M

vm_info: OpenJDK 64-Bit Server VM (11.0.30+7-LTS) for windows-amd64 JRE (11.0.30+7-LTS), built on Jan 14 2026 18:06:18 by "MicrosoftCorporation" with unknown MS VC++:1943

END.
